Cron job completed at 2025-09-15 23:31:02
Processed: 0 transactions
Errors: 0
Cron job completed at 2025-09-15 23:32:02
Processed: 0 transactions
Errors: 0
Cron job completed at 2025-09-15 23:33:02
Processed: 0 transactions
Errors: 0
Cron job completed at 2025-09-15 23:34:02
Processed: 0 transactions
Errors: 0
Cron job completed at 2025-09-15 23:35:02
Processed: 0 transactions
Errors: 0
Cron job completed at 2025-09-15 23:36:02
Processed: 0 transactions
Errors: 0
Cron job completed at 2025-09-15 23:37:02
Processed: 0 transactions
Errors: 0
Cron job completed at 2025-09-15 23:38:02
Processed: 0 transactions
Errors: 0
Cron job completed at 2025-09-15 23:39:01
Processed: 0 transactions
Errors: 0
Cron job completed at 2025-09-15 23:40:02
Processed: 0 transactions
Errors: 0
Cron job completed at 2025-09-15 23:41:02
Processed: 0 transactions
Errors: 0
Cron job completed at 2025-09-15 23:42:02
Processed: 0 transactions
Errors: 0
Cron job completed at 2025-09-15 23:43:01
Processed: 0 transactions
Errors: 0
Cron job completed at 2025-09-15 23:44:02
Processed: 0 transactions
Errors: 0
Cron job completed at 2025-09-15 23:45:02
Processed: 0 transactions
Errors: 1
New transactions: 0
Cron job completed at 2025-09-15 23:46:02
Processed: 0 transactions
Errors: 1
New transactions: 0
Cron job completed at 2025-09-15 23:47:02
Processed: 0 transactions
Errors: 1
New transactions: 0
Cron job completed at 2025-09-15 23:48:02
Processed: 0 transactions
Errors: 1
New transactions: 0
Cron job completed at 2025-09-15 23:49:02
Processed: 0 transactions
Errors: 1
New transactions: 0
Cron job completed at 2025-09-15 23:50:01
Processed: 0 transactions
Errors: 1
New transactions: 0
Cron job completed at 2025-09-15 23:51:02
Processed: 0 transactions
Errors: 1
New transactions: 0
=== CRON START - 2025-09-15 23:52:02 ===
API URL: https://api.zenpn.com/api/bank/getTransactions
* Host api.zenpn.com:443 was resolved.
* IPv6: 2606:4700:3030::6815:7001, 2606:4700:3030::6815:1001, 2606:4700:3030::6815:2001, 2606:4700:3030::6815:6001, 2606:4700:3030::6815:4001, 2606:4700:3030::6815:5001, 2606:4700:3030::6815:3001
* IPv4: 104.21.64.1, 104.21.48.1, 104.21.96.1, 104.21.16.1, 104.21.112.1, 104.21.80.1, 104.21.32.1
*   Trying [2606:4700:3030::6815:7001]:443...
* Immediate connect fail for 2606:4700:3030::6815:7001: Network is unreachable
*   Trying [2606:4700:3030::6815:1001]:443...
* Immediate connect fail for 2606:4700:3030::6815:1001: Network is unreachable
*   Trying [2606:4700:3030::6815:2001]:443...
* Immediate connect fail for 2606:4700:3030::6815:2001: Network is unreachable
*   Trying [2606:4700:3030::6815:6001]:443...
* Immediate connect fail for 2606:4700:3030::6815:6001: Network is unreachable
*   Trying [2606:4700:3030::6815:4001]:443...
* Immediate connect fail for 2606:4700:3030::6815:4001: Network is unreachable
*   Trying [2606:4700:3030::6815:5001]:443...
* Immediate connect fail for 2606:4700:3030::6815:5001: Network is unreachable
*   Trying [2606:4700:3030::6815:3001]:443...
* Immediate connect fail for 2606:4700:3030::6815:3001: Network is unreachable
*   Trying 104.21.64.1:443...
* ALPN: curl offers h2,http/1.1
* SSL connection using TLSv1.3 / TLS_AES_256_GCM_SHA384 / [blank] / UNDEF
* ALPN: server accepted h2
* Server certificate:
*  subject: CN=zenpn.com
*  start date: Aug  8 04:36:49 2025 GMT
*  expire date: Nov  6 04:42:08 2025 GMT
*  issuer: C=US; O=CLOUDFLARE, INC.; CN=Cloudflare TLS Issuing ECC CA 1
*  SSL certificate verify result: unable to get local issuer certificate (20), continuing anyway.
*   Certificate level 0: Public key type ? (256/128 Bits/secBits), signed using ecdsa-with-SHA256
*   Certificate level 1: Public key type ? (256/128 Bits/secBits), signed using ecdsa-with-SHA384
*   Certificate level 2: Public key type ? (384/192 Bits/secBits), signed using sha256WithRSAEncryption
* Connected to api.zenpn.com (104.21.64.1) port 443
* using HTTP/2
* [HTTP/2] [1] OPENED stream for https://api.zenpn.com/api/bank/getTransactions
* [HTTP/2] [1] [:method: POST]
* [HTTP/2] [1] [:scheme: https]
* [HTTP/2] [1] [:authority: api.zenpn.com]
* [HTTP/2] [1] [:path: /api/bank/getTransactions]
* [HTTP/2] [1] [authorization: Bearer 92ed7de8cf5cc4e7ea1e99f7ab580836]
* [HTTP/2] [1] [content-type: application/json]
* [HTTP/2] [1] [accept: application/json]
* [HTTP/2] [1] [content-length: 74]
> POST /api/bank/getTransactions HTTP/2
Host: api.zenpn.com
Authorization: Bearer 92ed7de8cf5cc4e7ea1e99f7ab580836
Content-Type: application/json
Accept: application/json
Content-Length: 74

* upload completely sent off: 74 bytes
< HTTP/2 404 
< date: Mon, 15 Sep 2025 16:52:04 GMT
< content-type: text/html; charset=UTF-8
< vary: Accept-Encoding
< report-to: {"group":"cf-nel","max_age":604800,"endpoints":[{"url":"https://a.nel.cloudflare.com/report/v4?s=8PxKmkcfu34HULjd7IsRHsmvq0RU%2BsfNQAHLh61sTnR1eEnj2Ka0R51Z3O1%2Fn47cSZMjdf9XSVm4%2BvnLBZV62JeU6y5kkR%2BjNpwyhF4%3D"}]}
< server: cloudflare
< cf-cache-status: DYNAMIC
< nel: {"report_to":"cf-nel","success_fraction":0.0,"max_age":604800}
< cf-ray: 97f9a1e56b5d0455-HKG
< alt-svc: h3=":443"; ma=86400
< 
* Connection #0 to host api.zenpn.com left intact
HTTP Code: 404
Raw Response (first 1000 chars): File not found.

❌ CRON FATAL ERROR: JSON Decode Error: Syntax error

=== CRON COMPLETE ===
Time: 2025-09-15 23:52:02
Processed: 0 transactions
Errors: 1
New transactions: 0

Cron job completed at 2025-09-15 23:52:02
Processed: 0 transactions
Errors: 1
New transactions: 0
=== CRON START - 2025-09-15 23:53:02 ===
API URL: https://api.zenpn.com/api/bank/getTransactions
* Host api.zenpn.com:443 was resolved.
* IPv6: 2606:4700:3030::6815:7001, 2606:4700:3030::6815:1001, 2606:4700:3030::6815:2001, 2606:4700:3030::6815:6001, 2606:4700:3030::6815:4001, 2606:4700:3030::6815:5001, 2606:4700:3030::6815:3001
* IPv4: 104.21.64.1, 104.21.48.1, 104.21.96.1, 104.21.16.1, 104.21.112.1, 104.21.80.1, 104.21.32.1
*   Trying [2606:4700:3030::6815:7001]:443...
* Immediate connect fail for 2606:4700:3030::6815:7001: Network is unreachable
*   Trying [2606:4700:3030::6815:1001]:443...
* Immediate connect fail for 2606:4700:3030::6815:1001: Network is unreachable
*   Trying [2606:4700:3030::6815:2001]:443...
* Immediate connect fail for 2606:4700:3030::6815:2001: Network is unreachable
*   Trying [2606:4700:3030::6815:6001]:443...
* Immediate connect fail for 2606:4700:3030::6815:6001: Network is unreachable
*   Trying [2606:4700:3030::6815:4001]:443...
* Immediate connect fail for 2606:4700:3030::6815:4001: Network is unreachable
*   Trying [2606:4700:3030::6815:5001]:443...
* Immediate connect fail for 2606:4700:3030::6815:5001: Network is unreachable
*   Trying [2606:4700:3030::6815:3001]:443...
* Immediate connect fail for 2606:4700:3030::6815:3001: Network is unreachable
*   Trying 104.21.64.1:443...
* ALPN: curl offers h2,http/1.1
* SSL connection using TLSv1.3 / TLS_AES_256_GCM_SHA384 / [blank] / UNDEF
* ALPN: server accepted h2
* Server certificate:
*  subject: CN=zenpn.com
*  start date: Aug  8 04:36:49 2025 GMT
*  expire date: Nov  6 04:42:08 2025 GMT
*  issuer: C=US; O=CLOUDFLARE, INC.; CN=Cloudflare TLS Issuing ECC CA 1
*  SSL certificate verify result: unable to get local issuer certificate (20), continuing anyway.
*   Certificate level 0: Public key type ? (256/128 Bits/secBits), signed using ecdsa-with-SHA256
*   Certificate level 1: Public key type ? (256/128 Bits/secBits), signed using ecdsa-with-SHA384
*   Certificate level 2: Public key type ? (384/192 Bits/secBits), signed using sha256WithRSAEncryption
* Connected to api.zenpn.com (104.21.64.1) port 443
* using HTTP/2
* [HTTP/2] [1] OPENED stream for https://api.zenpn.com/api/bank/getTransactions
* [HTTP/2] [1] [:method: POST]
* [HTTP/2] [1] [:scheme: https]
* [HTTP/2] [1] [:authority: api.zenpn.com]
* [HTTP/2] [1] [:path: /api/bank/getTransactions]
* [HTTP/2] [1] [authorization: Bearer 92ed7de8cf5cc4e7ea1e99f7ab580836]
* [HTTP/2] [1] [content-type: application/json]
* [HTTP/2] [1] [accept: application/json]
* [HTTP/2] [1] [content-length: 74]
> POST /api/bank/getTransactions HTTP/2
Host: api.zenpn.com
Authorization: Bearer 92ed7de8cf5cc4e7ea1e99f7ab580836
Content-Type: application/json
Accept: application/json
Content-Length: 74

* upload completely sent off: 74 bytes
< HTTP/2 404 
< date: Mon, 15 Sep 2025 16:53:03 GMT
< content-type: text/html; charset=UTF-8
< vary: Accept-Encoding
< report-to: {"group":"cf-nel","max_age":604800,"endpoints":[{"url":"https://a.nel.cloudflare.com/report/v4?s=eoCFQr9Yq%2BC9pTIkb%2F%2BsH0BedbN%2FqPSkIlSpXat8Td3CVBnpwUgWROhFbewo8jdvN3ACV%2BNHssNhlxJ%2BsEjl%2BApHYMfqhP7eyBWd8XA%3D"}]}
< server: cloudflare
< cf-cache-status: DYNAMIC
< nel: {"report_to":"cf-nel","success_fraction":0.0,"max_age":604800}
< cf-ray: 97f9a35ae9b784af-HKG
< alt-svc: h3=":443"; ma=86400
< 
* Connection #0 to host api.zenpn.com left intact
HTTP Code: 404
Raw Response (first 1000 chars): File not found.

❌ CRON FATAL ERROR: JSON Decode Error: Syntax error

=== CRON COMPLETE ===
Time: 2025-09-15 23:53:02
Processed: 0 transactions
Errors: 1
New transactions: 0

Cron job completed at 2025-09-15 23:53:02
Processed: 0 transactions
Errors: 1
New transactions: 0
=== CRON START - 2025-09-15 23:54:02 ===
API URL: https://api.zenpn.com/api/bank/getTransactions
* Host api.zenpn.com:443 was resolved.
* IPv6: 2606:4700:3030::6815:1001, 2606:4700:3030::6815:4001, 2606:4700:3030::6815:7001, 2606:4700:3030::6815:5001, 2606:4700:3030::6815:3001, 2606:4700:3030::6815:6001, 2606:4700:3030::6815:2001
* IPv4: 104.21.64.1, 104.21.80.1, 104.21.16.1, 104.21.96.1, 104.21.112.1, 104.21.48.1, 104.21.32.1
*   Trying [2606:4700:3030::6815:1001]:443...
* Immediate connect fail for 2606:4700:3030::6815:1001: Network is unreachable
*   Trying [2606:4700:3030::6815:4001]:443...
* Immediate connect fail for 2606:4700:3030::6815:4001: Network is unreachable
*   Trying [2606:4700:3030::6815:7001]:443...
* Immediate connect fail for 2606:4700:3030::6815:7001: Network is unreachable
*   Trying [2606:4700:3030::6815:5001]:443...
* Immediate connect fail for 2606:4700:3030::6815:5001: Network is unreachable
*   Trying [2606:4700:3030::6815:3001]:443...
* Immediate connect fail for 2606:4700:3030::6815:3001: Network is unreachable
*   Trying [2606:4700:3030::6815:6001]:443...
* Immediate connect fail for 2606:4700:3030::6815:6001: Network is unreachable
*   Trying [2606:4700:3030::6815:2001]:443...
* Immediate connect fail for 2606:4700:3030::6815:2001: Network is unreachable
*   Trying 104.21.64.1:443...
* ALPN: curl offers h2,http/1.1
* SSL connection using TLSv1.3 / TLS_AES_256_GCM_SHA384 / [blank] / UNDEF
* ALPN: server accepted h2
* Server certificate:
*  subject: CN=zenpn.com
*  start date: Aug  8 04:36:49 2025 GMT
*  expire date: Nov  6 04:42:08 2025 GMT
*  issuer: C=US; O=CLOUDFLARE, INC.; CN=Cloudflare TLS Issuing ECC CA 1
*  SSL certificate verify result: unable to get local issuer certificate (20), continuing anyway.
*   Certificate level 0: Public key type ? (256/128 Bits/secBits), signed using ecdsa-with-SHA256
*   Certificate level 1: Public key type ? (256/128 Bits/secBits), signed using ecdsa-with-SHA384
*   Certificate level 2: Public key type ? (384/192 Bits/secBits), signed using sha256WithRSAEncryption
* Connected to api.zenpn.com (104.21.64.1) port 443
* using HTTP/2
* [HTTP/2] [1] OPENED stream for https://api.zenpn.com/api/bank/getTransactions
* [HTTP/2] [1] [:method: POST]
* [HTTP/2] [1] [:scheme: https]
* [HTTP/2] [1] [:authority: api.zenpn.com]
* [HTTP/2] [1] [:path: /api/bank/getTransactions]
* [HTTP/2] [1] [authorization: Bearer 92ed7de8cf5cc4e7ea1e99f7ab580836]
* [HTTP/2] [1] [content-type: application/json]
* [HTTP/2] [1] [accept: application/json]
* [HTTP/2] [1] [content-length: 74]
> POST /api/bank/getTransactions HTTP/2
Host: api.zenpn.com
Authorization: Bearer 92ed7de8cf5cc4e7ea1e99f7ab580836
Content-Type: application/json
Accept: application/json
Content-Length: 74

* upload completely sent off: 74 bytes
< HTTP/2 404 
< date: Mon, 15 Sep 2025 16:54:03 GMT
< content-type: text/html; charset=UTF-8
< vary: Accept-Encoding
< report-to: {"group":"cf-nel","max_age":604800,"endpoints":[{"url":"https://a.nel.cloudflare.com/report/v4?s=DTBoWgbI0h2EFrviY3jDGNKyUb9fK%2FiexOObkSb%2F9EiXMTI4pLuIUc6wqSmtSbgESlIb4GsRRSlXAq1ixeZHxgQxFpVTVHfVmauboIo%3D"}]}
< server: cloudflare
< cf-cache-status: DYNAMIC
< nel: {"report_to":"cf-nel","success_fraction":0.0,"max_age":604800}
< cf-ray: 97f9a4d1df250719-HKG
< alt-svc: h3=":443"; ma=86400
< 
* Connection #0 to host api.zenpn.com left intact
HTTP Code: 404
Raw Response (first 1000 chars): File not found.

❌ CRON FATAL ERROR: JSON Decode Error: Syntax error

=== CRON COMPLETE ===
Time: 2025-09-15 23:54:02
Processed: 0 transactions
Errors: 1
New transactions: 0

Cron job completed at 2025-09-15 23:54:02
Processed: 0 transactions
Errors: 1
New transactions: 0
=== CRON START - 2025-09-15 23:55:02 ===
API URL: https://api.zenpn.com/api/bank/getTransactions
* Host api.zenpn.com:443 was resolved.
* IPv6: 2606:4700:3030::6815:1001, 2606:4700:3030::6815:4001, 2606:4700:3030::6815:7001, 2606:4700:3030::6815:5001, 2606:4700:3030::6815:3001, 2606:4700:3030::6815:6001, 2606:4700:3030::6815:2001
* IPv4: 104.21.64.1, 104.21.80.1, 104.21.16.1, 104.21.96.1, 104.21.112.1, 104.21.48.1, 104.21.32.1
*   Trying [2606:4700:3030::6815:1001]:443...
* Immediate connect fail for 2606:4700:3030::6815:1001: Network is unreachable
*   Trying [2606:4700:3030::6815:4001]:443...
* Immediate connect fail for 2606:4700:3030::6815:4001: Network is unreachable
*   Trying [2606:4700:3030::6815:7001]:443...
* Immediate connect fail for 2606:4700:3030::6815:7001: Network is unreachable
*   Trying [2606:4700:3030::6815:5001]:443...
* Immediate connect fail for 2606:4700:3030::6815:5001: Network is unreachable
*   Trying [2606:4700:3030::6815:3001]:443...
* Immediate connect fail for 2606:4700:3030::6815:3001: Network is unreachable
*   Trying [2606:4700:3030::6815:6001]:443...
* Immediate connect fail for 2606:4700:3030::6815:6001: Network is unreachable
*   Trying [2606:4700:3030::6815:2001]:443...
* Immediate connect fail for 2606:4700:3030::6815:2001: Network is unreachable
*   Trying 104.21.64.1:443...
* ALPN: curl offers h2,http/1.1
* SSL connection using TLSv1.3 / TLS_AES_256_GCM_SHA384 / [blank] / UNDEF
* ALPN: server accepted h2
* Server certificate:
*  subject: CN=zenpn.com
*  start date: Aug  8 04:36:49 2025 GMT
*  expire date: Nov  6 04:42:08 2025 GMT
*  issuer: C=US; O=CLOUDFLARE, INC.; CN=Cloudflare TLS Issuing ECC CA 1
*  SSL certificate verify result: unable to get local issuer certificate (20), continuing anyway.
*   Certificate level 0: Public key type ? (256/128 Bits/secBits), signed using ecdsa-with-SHA256
*   Certificate level 1: Public key type ? (256/128 Bits/secBits), signed using ecdsa-with-SHA384
*   Certificate level 2: Public key type ? (384/192 Bits/secBits), signed using sha256WithRSAEncryption
* Connected to api.zenpn.com (104.21.64.1) port 443
* using HTTP/2
* [HTTP/2] [1] OPENED stream for https://api.zenpn.com/api/bank/getTransactions
* [HTTP/2] [1] [:method: POST]
* [HTTP/2] [1] [:scheme: https]
* [HTTP/2] [1] [:authority: api.zenpn.com]
* [HTTP/2] [1] [:path: /api/bank/getTransactions]
* [HTTP/2] [1] [authorization: Bearer 92ed7de8cf5cc4e7ea1e99f7ab580836]
* [HTTP/2] [1] [content-type: application/json]
* [HTTP/2] [1] [accept: application/json]
* [HTTP/2] [1] [content-length: 74]
> POST /api/bank/getTransactions HTTP/2
Host: api.zenpn.com
Authorization: Bearer 92ed7de8cf5cc4e7ea1e99f7ab580836
Content-Type: application/json
Accept: application/json
Content-Length: 74

* upload completely sent off: 74 bytes
< HTTP/2 404 
< date: Mon, 15 Sep 2025 16:55:03 GMT
< content-type: text/html; charset=UTF-8
< vary: Accept-Encoding
< report-to: {"group":"cf-nel","max_age":604800,"endpoints":[{"url":"https://a.nel.cloudflare.com/report/v4?s=rAhFJUa0Gs2Q9tEgUOskAVDXEmt3YZxfm8GpL92EbRKMTgOPdjZH1eSiTMrjEqy13OGy3ZApO6EJhbOI%2B%2BDTSWTMQByafrf%2FJQ8EJgo%3D"}]}
< server: cloudflare
< cf-cache-status: DYNAMIC
< nel: {"report_to":"cf-nel","success_fraction":0.0,"max_age":604800}
< cf-ray: 97f9a648ccca1f05-HKG
< alt-svc: h3=":443"; ma=86400
< 
* Connection #0 to host api.zenpn.com left intact
HTTP Code: 404
Raw Response (first 1000 chars): File not found.

❌ CRON FATAL ERROR: JSON Decode Error: Syntax error

=== CRON COMPLETE ===
Time: 2025-09-15 23:55:02
Processed: 0 transactions
Errors: 1
New transactions: 0

Cron job completed at 2025-09-15 23:55:02
Processed: 0 transactions
Errors: 1
New transactions: 0
=== CRON START - 2025-09-15 23:56:02 ===
API URL: https://api.zenpn.com/api/bank/getTransactions
* Host api.zenpn.com:443 was resolved.
* IPv6: 2606:4700:3030::6815:1001, 2606:4700:3030::6815:4001, 2606:4700:3030::6815:7001, 2606:4700:3030::6815:5001, 2606:4700:3030::6815:3001, 2606:4700:3030::6815:6001, 2606:4700:3030::6815:2001
* IPv4: 104.21.64.1, 104.21.80.1, 104.21.16.1, 104.21.96.1, 104.21.112.1, 104.21.48.1, 104.21.32.1
*   Trying [2606:4700:3030::6815:1001]:443...
* Immediate connect fail for 2606:4700:3030::6815:1001: Network is unreachable
*   Trying [2606:4700:3030::6815:4001]:443...
* Immediate connect fail for 2606:4700:3030::6815:4001: Network is unreachable
*   Trying [2606:4700:3030::6815:7001]:443...
* Immediate connect fail for 2606:4700:3030::6815:7001: Network is unreachable
*   Trying [2606:4700:3030::6815:5001]:443...
* Immediate connect fail for 2606:4700:3030::6815:5001: Network is unreachable
*   Trying [2606:4700:3030::6815:3001]:443...
* Immediate connect fail for 2606:4700:3030::6815:3001: Network is unreachable
*   Trying [2606:4700:3030::6815:6001]:443...
* Immediate connect fail for 2606:4700:3030::6815:6001: Network is unreachable
*   Trying [2606:4700:3030::6815:2001]:443...
* Immediate connect fail for 2606:4700:3030::6815:2001: Network is unreachable
*   Trying 104.21.64.1:443...
* ALPN: curl offers h2,http/1.1
* SSL connection using TLSv1.3 / TLS_AES_256_GCM_SHA384 / [blank] / UNDEF
* ALPN: server accepted h2
* Server certificate:
*  subject: CN=zenpn.com
*  start date: Aug  8 04:36:49 2025 GMT
*  expire date: Nov  6 04:42:08 2025 GMT
*  issuer: C=US; O=CLOUDFLARE, INC.; CN=Cloudflare TLS Issuing ECC CA 1
*  SSL certificate verify result: unable to get local issuer certificate (20), continuing anyway.
*   Certificate level 0: Public key type ? (256/128 Bits/secBits), signed using ecdsa-with-SHA256
*   Certificate level 1: Public key type ? (256/128 Bits/secBits), signed using ecdsa-with-SHA384
*   Certificate level 2: Public key type ? (384/192 Bits/secBits), signed using sha256WithRSAEncryption
* Connected to api.zenpn.com (104.21.64.1) port 443
* using HTTP/2
* [HTTP/2] [1] OPENED stream for https://api.zenpn.com/api/bank/getTransactions
* [HTTP/2] [1] [:method: POST]
* [HTTP/2] [1] [:scheme: https]
* [HTTP/2] [1] [:authority: api.zenpn.com]
* [HTTP/2] [1] [:path: /api/bank/getTransactions]
* [HTTP/2] [1] [authorization: Bearer 92ed7de8cf5cc4e7ea1e99f7ab580836]
* [HTTP/2] [1] [content-type: application/json]
* [HTTP/2] [1] [accept: application/json]
* [HTTP/2] [1] [content-length: 74]
> POST /api/bank/getTransactions HTTP/2
Host: api.zenpn.com
Authorization: Bearer 92ed7de8cf5cc4e7ea1e99f7ab580836
Content-Type: application/json
Accept: application/json
Content-Length: 74

* upload completely sent off: 74 bytes
< HTTP/2 404 
< date: Mon, 15 Sep 2025 16:56:04 GMT
< content-type: text/html; charset=UTF-8
< vary: Accept-Encoding
< report-to: {"group":"cf-nel","max_age":604800,"endpoints":[{"url":"https://a.nel.cloudflare.com/report/v4?s=WV8qB0Gd1EdJOfRz4U3cH8KU9TMy%2BTQ%2F44cG8BRpJ4Vf76LlL4aPYknfrwfVJMtvpkIkIeLLi9Q5eRnm2CSUE13OwfSOnNwUqCvdRbE%3D"}]}
< server: cloudflare
< cf-cache-status: DYNAMIC
< nel: {"report_to":"cf-nel","success_fraction":0.0,"max_age":604800}
< cf-ray: 97f9a7c2196f09dc-HKG
< alt-svc: h3=":443"; ma=86400
< 
* Connection #0 to host api.zenpn.com left intact
HTTP Code: 404
Raw Response (first 1000 chars): File not found.

❌ CRON FATAL ERROR: JSON Decode Error: Syntax error

=== CRON COMPLETE ===
Time: 2025-09-15 23:56:02
Processed: 0 transactions
Errors: 1
New transactions: 0

Cron job completed at 2025-09-15 23:56:02
Processed: 0 transactions
Errors: 1
New transactions: 0
=== CRON START - 2025-09-15 23:57:02 ===
API URL: https://api.zenpn.com/api/bank/getTransactions
* Host api.zenpn.com:443 was resolved.
* IPv6: 2606:4700:3030::6815:1001, 2606:4700:3030::6815:4001, 2606:4700:3030::6815:7001, 2606:4700:3030::6815:5001, 2606:4700:3030::6815:3001, 2606:4700:3030::6815:6001, 2606:4700:3030::6815:2001
* IPv4: 104.21.64.1, 104.21.80.1, 104.21.16.1, 104.21.96.1, 104.21.112.1, 104.21.48.1, 104.21.32.1
*   Trying [2606:4700:3030::6815:1001]:443...
* Immediate connect fail for 2606:4700:3030::6815:1001: Network is unreachable
*   Trying [2606:4700:3030::6815:4001]:443...
* Immediate connect fail for 2606:4700:3030::6815:4001: Network is unreachable
*   Trying [2606:4700:3030::6815:7001]:443...
* Immediate connect fail for 2606:4700:3030::6815:7001: Network is unreachable
*   Trying [2606:4700:3030::6815:5001]:443...
* Immediate connect fail for 2606:4700:3030::6815:5001: Network is unreachable
*   Trying [2606:4700:3030::6815:3001]:443...
* Immediate connect fail for 2606:4700:3030::6815:3001: Network is unreachable
*   Trying [2606:4700:3030::6815:6001]:443...
* Immediate connect fail for 2606:4700:3030::6815:6001: Network is unreachable
*   Trying [2606:4700:3030::6815:2001]:443...
* Immediate connect fail for 2606:4700:3030::6815:2001: Network is unreachable
*   Trying 104.21.64.1:443...
* ALPN: curl offers h2,http/1.1
* SSL connection using TLSv1.3 / TLS_AES_256_GCM_SHA384 / [blank] / UNDEF
* ALPN: server accepted h2
* Server certificate:
*  subject: CN=zenpn.com
*  start date: Aug  8 04:36:49 2025 GMT
*  expire date: Nov  6 04:42:08 2025 GMT
*  issuer: C=US; O=CLOUDFLARE, INC.; CN=Cloudflare TLS Issuing ECC CA 1
*  SSL certificate verify result: unable to get local issuer certificate (20), continuing anyway.
*   Certificate level 0: Public key type ? (256/128 Bits/secBits), signed using ecdsa-with-SHA256
*   Certificate level 1: Public key type ? (256/128 Bits/secBits), signed using ecdsa-with-SHA384
*   Certificate level 2: Public key type ? (384/192 Bits/secBits), signed using sha256WithRSAEncryption
* Connected to api.zenpn.com (104.21.64.1) port 443
* using HTTP/2
* [HTTP/2] [1] OPENED stream for https://api.zenpn.com/api/bank/getTransactions
* [HTTP/2] [1] [:method: POST]
* [HTTP/2] [1] [:scheme: https]
* [HTTP/2] [1] [:authority: api.zenpn.com]
* [HTTP/2] [1] [:path: /api/bank/getTransactions]
* [HTTP/2] [1] [authorization: Bearer 92ed7de8cf5cc4e7ea1e99f7ab580836]
* [HTTP/2] [1] [content-type: application/json]
* [HTTP/2] [1] [accept: application/json]
* [HTTP/2] [1] [content-length: 74]
> POST /api/bank/getTransactions HTTP/2
Host: api.zenpn.com
Authorization: Bearer 92ed7de8cf5cc4e7ea1e99f7ab580836
Content-Type: application/json
Accept: application/json
Content-Length: 74

* upload completely sent off: 74 bytes
< HTTP/2 404 
< date: Mon, 15 Sep 2025 16:57:03 GMT
< content-type: text/html; charset=UTF-8
< vary: Accept-Encoding
< report-to: {"group":"cf-nel","max_age":604800,"endpoints":[{"url":"https://a.nel.cloudflare.com/report/v4?s=UrdEz6ZI6kLLnOlkbnvhMv2P%2Ff3IZRIOaPACJ8VkBJfTnOMC1kuXD5Rc0VmU2nAZPblk4BIWNubeFnRyxDQPOcty8zcCkxZFzia%2BpRA%3D"}]}
< server: cloudflare
< cf-cache-status: DYNAMIC
< nel: {"report_to":"cf-nel","success_fraction":0.0,"max_age":604800}
< cf-ray: 97f9a937b84d08d9-HKG
< alt-svc: h3=":443"; ma=86400
< 
* Connection #0 to host api.zenpn.com left intact
HTTP Code: 404
Raw Response (first 1000 chars): File not found.

❌ CRON FATAL ERROR: JSON Decode Error: Syntax error

=== CRON COMPLETE ===
Time: 2025-09-15 23:57:02
Processed: 0 transactions
Errors: 1
New transactions: 0

Cron job completed at 2025-09-15 23:57:02
Processed: 0 transactions
Errors: 1
New transactions: 0
=== CRON START - 2025-09-15 23:58:01 ===
API URL: https://api.zenpn.com/api/bank/getTransactions
* Host api.zenpn.com:443 was resolved.
* IPv6: 2606:4700:3030::6815:1001, 2606:4700:3030::6815:4001, 2606:4700:3030::6815:7001, 2606:4700:3030::6815:5001, 2606:4700:3030::6815:3001, 2606:4700:3030::6815:6001, 2606:4700:3030::6815:2001
* IPv4: 104.21.64.1, 104.21.80.1, 104.21.16.1, 104.21.96.1, 104.21.112.1, 104.21.48.1, 104.21.32.1
*   Trying [2606:4700:3030::6815:1001]:443...
* Immediate connect fail for 2606:4700:3030::6815:1001: Network is unreachable
*   Trying [2606:4700:3030::6815:4001]:443...
* Immediate connect fail for 2606:4700:3030::6815:4001: Network is unreachable
*   Trying [2606:4700:3030::6815:7001]:443...
* Immediate connect fail for 2606:4700:3030::6815:7001: Network is unreachable
*   Trying [2606:4700:3030::6815:5001]:443...
* Immediate connect fail for 2606:4700:3030::6815:5001: Network is unreachable
*   Trying [2606:4700:3030::6815:3001]:443...
* Immediate connect fail for 2606:4700:3030::6815:3001: Network is unreachable
*   Trying [2606:4700:3030::6815:6001]:443...
* Immediate connect fail for 2606:4700:3030::6815:6001: Network is unreachable
*   Trying [2606:4700:3030::6815:2001]:443...
* Immediate connect fail for 2606:4700:3030::6815:2001: Network is unreachable
*   Trying 104.21.64.1:443...
* ALPN: curl offers h2,http/1.1
* SSL connection using TLSv1.3 / TLS_AES_256_GCM_SHA384 / [blank] / UNDEF
* ALPN: server accepted h2
* Server certificate:
*  subject: CN=zenpn.com
*  start date: Aug  8 04:36:49 2025 GMT
*  expire date: Nov  6 04:42:08 2025 GMT
*  issuer: C=US; O=CLOUDFLARE, INC.; CN=Cloudflare TLS Issuing ECC CA 1
*  SSL certificate verify result: unable to get local issuer certificate (20), continuing anyway.
*   Certificate level 0: Public key type ? (256/128 Bits/secBits), signed using ecdsa-with-SHA256
*   Certificate level 1: Public key type ? (256/128 Bits/secBits), signed using ecdsa-with-SHA384
*   Certificate level 2: Public key type ? (384/192 Bits/secBits), signed using sha256WithRSAEncryption
* Connected to api.zenpn.com (104.21.64.1) port 443
* using HTTP/2
* [HTTP/2] [1] OPENED stream for https://api.zenpn.com/api/bank/getTransactions
* [HTTP/2] [1] [:method: POST]
* [HTTP/2] [1] [:scheme: https]
* [HTTP/2] [1] [:authority: api.zenpn.com]
* [HTTP/2] [1] [:path: /api/bank/getTransactions]
* [HTTP/2] [1] [authorization: Bearer 92ed7de8cf5cc4e7ea1e99f7ab580836]
* [HTTP/2] [1] [content-type: application/json]
* [HTTP/2] [1] [accept: application/json]
* [HTTP/2] [1] [content-length: 74]
> POST /api/bank/getTransactions HTTP/2
Host: api.zenpn.com
Authorization: Bearer 92ed7de8cf5cc4e7ea1e99f7ab580836
Content-Type: application/json
Accept: application/json
Content-Length: 74

* upload completely sent off: 74 bytes
< HTTP/2 404 
< date: Mon, 15 Sep 2025 16:58:03 GMT
< content-type: text/html; charset=UTF-8
< vary: Accept-Encoding
< report-to: {"group":"cf-nel","max_age":604800,"endpoints":[{"url":"https://a.nel.cloudflare.com/report/v4?s=Rl0grP6i2Yehqg4B0jBreaU3Q7MOxDYEPSwDWwCOFZRoyzxZchp1%2FD%2B78u20xObXnzvgEEtRwDVkbGRxWoNFZkeifx4kBm3ZR1gotgE%3D"}]}
< server: cloudflare
< cf-cache-status: DYNAMIC
< nel: {"report_to":"cf-nel","success_fraction":0.0,"max_age":604800}
< cf-ray: 97f9aaad5ed604bc-HKG
< alt-svc: h3=":443"; ma=86400
< 
* Connection #0 to host api.zenpn.com left intact
HTTP Code: 404
Raw Response (first 1000 chars): File not found.

❌ CRON FATAL ERROR: JSON Decode Error: Syntax error

=== CRON COMPLETE ===
Time: 2025-09-15 23:58:02
Processed: 0 transactions
Errors: 1
New transactions: 0

Cron job completed at 2025-09-15 23:58:02
Processed: 0 transactions
Errors: 1
New transactions: 0
=== CRON START - 2025-09-15 23:59:01 ===
API URL: https://api.zenpn.com/api/bank/getTransactions
* Host api.zenpn.com:443 was resolved.
* IPv6: 2606:4700:3030::6815:1001, 2606:4700:3030::6815:4001, 2606:4700:3030::6815:7001, 2606:4700:3030::6815:5001, 2606:4700:3030::6815:3001, 2606:4700:3030::6815:6001, 2606:4700:3030::6815:2001
* IPv4: 104.21.64.1, 104.21.80.1, 104.21.16.1, 104.21.96.1, 104.21.112.1, 104.21.48.1, 104.21.32.1
*   Trying [2606:4700:3030::6815:1001]:443...
* Immediate connect fail for 2606:4700:3030::6815:1001: Network is unreachable
*   Trying [2606:4700:3030::6815:4001]:443...
* Immediate connect fail for 2606:4700:3030::6815:4001: Network is unreachable
*   Trying [2606:4700:3030::6815:7001]:443...
* Immediate connect fail for 2606:4700:3030::6815:7001: Network is unreachable
*   Trying [2606:4700:3030::6815:5001]:443...
* Immediate connect fail for 2606:4700:3030::6815:5001: Network is unreachable
*   Trying [2606:4700:3030::6815:3001]:443...
* Immediate connect fail for 2606:4700:3030::6815:3001: Network is unreachable
*   Trying [2606:4700:3030::6815:6001]:443...
* Immediate connect fail for 2606:4700:3030::6815:6001: Network is unreachable
*   Trying [2606:4700:3030::6815:2001]:443...
* Immediate connect fail for 2606:4700:3030::6815:2001: Network is unreachable
*   Trying 104.21.64.1:443...
* ALPN: curl offers h2,http/1.1
* SSL connection using TLSv1.3 / TLS_AES_256_GCM_SHA384 / [blank] / UNDEF
* ALPN: server accepted h2
* Server certificate:
*  subject: CN=zenpn.com
*  start date: Aug  8 04:36:49 2025 GMT
*  expire date: Nov  6 04:42:08 2025 GMT
*  issuer: C=US; O=CLOUDFLARE, INC.; CN=Cloudflare TLS Issuing ECC CA 1
*  SSL certificate verify result: unable to get local issuer certificate (20), continuing anyway.
*   Certificate level 0: Public key type ? (256/128 Bits/secBits), signed using ecdsa-with-SHA256
*   Certificate level 1: Public key type ? (256/128 Bits/secBits), signed using ecdsa-with-SHA384
*   Certificate level 2: Public key type ? (384/192 Bits/secBits), signed using sha256WithRSAEncryption
* Connected to api.zenpn.com (104.21.64.1) port 443
* using HTTP/2
* [HTTP/2] [1] OPENED stream for https://api.zenpn.com/api/bank/getTransactions
* [HTTP/2] [1] [:method: POST]
* [HTTP/2] [1] [:scheme: https]
* [HTTP/2] [1] [:authority: api.zenpn.com]
* [HTTP/2] [1] [:path: /api/bank/getTransactions]
* [HTTP/2] [1] [authorization: Bearer 92ed7de8cf5cc4e7ea1e99f7ab580836]
* [HTTP/2] [1] [content-type: application/json]
* [HTTP/2] [1] [accept: application/json]
* [HTTP/2] [1] [content-length: 74]
> POST /api/bank/getTransactions HTTP/2
Host: api.zenpn.com
Authorization: Bearer 92ed7de8cf5cc4e7ea1e99f7ab580836
Content-Type: application/json
Accept: application/json
Content-Length: 74

* upload completely sent off: 74 bytes
< HTTP/2 404 
< date: Mon, 15 Sep 2025 16:59:03 GMT
< content-type: text/html; charset=UTF-8
< vary: Accept-Encoding
< report-to: {"group":"cf-nel","max_age":604800,"endpoints":[{"url":"https://a.nel.cloudflare.com/report/v4?s=OQTm3a%2BBrjZEKeuFXXWtBNnpeV6K1ItBqP%2B%2FunV5By4F1xcdL4hd8GJl3t4pL%2FltL40aT0%2Fo1fHOxQ3Jnbl7eVpRD3R72KIAaYrEsZM%3D"}]}
< server: cloudflare
< cf-cache-status: DYNAMIC
< nel: {"report_to":"cf-nel","success_fraction":0.0,"max_age":604800}
< cf-ray: 97f9ac224e6c08f1-HKG
< alt-svc: h3=":443"; ma=86400
< 
* Connection #0 to host api.zenpn.com left intact
HTTP Code: 404
Raw Response (first 1000 chars): File not found.

❌ CRON FATAL ERROR: JSON Decode Error: Syntax error

=== CRON COMPLETE ===
Time: 2025-09-15 23:59:01
Processed: 0 transactions
Errors: 1
New transactions: 0

Cron job completed at 2025-09-15 23:59:01
Processed: 0 transactions
Errors: 1
New transactions: 0
Cron job completed at 2025-09-16 00:00:02
Processed: 2 transactions
Errors: 0
New transactions: 2
Cron job completed at 2025-09-16 00:01:02
Processed: 0 transactions
Errors: 0
New transactions: 0
Cron job completed at 2025-09-16 00:02:02
Processed: 0 transactions
Errors: 0
New transactions: 0
Cron job completed at 2025-09-16 00:03:02
Processed: 0 transactions
Errors: 0
New transactions: 0
Cron job completed at 2025-09-16 00:04:02
Processed: 0 transactions
Errors: 0
New transactions: 0
Cron job completed at 2025-09-16 00:05:02
Processed: 0 transactions
Errors: 0
New transactions: 0
Cron job completed at 2025-09-16 00:06:02
Processed: 0 transactions
Errors: 0
New transactions: 0
Cron job completed at 2025-09-16 00:07:02
Processed: 0 transactions
Errors: 0
New transactions: 0
Cron job completed at 2025-09-16 00:08:02
Processed: 0 transactions
Errors: 0
New transactions: 0
Cron job completed at 2025-09-16 00:09:02
Processed: 0 transactions
Errors: 0
New transactions: 0
Cron job completed at 2025-09-16 00:10:02
Processed: 0 transactions
Errors: 0
New transactions: 0
Cron job completed at 2025-09-16 00:11:02
Processed: 0 transactions
Errors: 0
New transactions: 0
Cron job completed at 2025-09-16 00:12:02
Processed: 0 transactions
Errors: 0
New transactions: 0
Cron job completed at 2025-09-16 00:13:02
Processed: 0 transactions
Errors: 0
New transactions: 0
Cron job completed at 2025-09-16 00:14:02
Processed: 0 transactions
Errors: 0
New transactions: 0
Cron job completed at 2025-09-16 00:15:02
Processed: 0 transactions
Errors: 0
New transactions: 0
Cron job completed at 2025-09-16 00:16:02
Processed: 0 transactions
Errors: 0
New transactions: 0
Cron job completed at 2025-09-16 00:17:02
Processed: 0 transactions
Errors: 0
New transactions: 0
Cron job completed at 2025-09-16 00:18:02
Processed: 0 transactions
Errors: 0
New transactions: 0
Cron job completed at 2025-09-16 00:19:02
Processed: 0 transactions
Errors: 0
New transactions: 0
Cron job completed at 2025-09-16 00:20:02
Processed: 0 transactions
Errors: 0
New transactions: 0
Cron job completed at 2025-09-16 00:21:02
Processed: 0 transactions
Errors: 0
New transactions: 0
Cron job completed at 2025-09-16 00:22:02
Processed: 0 transactions
Errors: 0
New transactions: 0
Cron job completed at 2025-09-16 00:23:02
Processed: 0 transactions
Errors: 0
New transactions: 0
Cron job completed at 2025-09-16 00:24:02
Processed: 0 transactions
Errors: 0
New transactions: 0
Cron job completed at 2025-09-16 00:25:02
Processed: 0 transactions
Errors: 0
New transactions: 0
Cron job completed at 2025-09-16 00:26:02
Processed: 5 transactions
Errors: 0
New transactions: 19
Cron job completed at 2025-09-16 00:27:02
Processed: 0 transactions
Errors: 0
New transactions: 0
Cron job completed at 2025-09-16 00:28:02
Processed: 0 transactions
Errors: 0
New transactions: 0
Cron job completed at 2025-09-16 00:29:03
Processed: 0 transactions
Errors: 0
New transactions: 0
Cron job completed at 2025-09-16 00:30:03
Processed: 0 transactions
Errors: 0
New transactions: 0
Cron job completed at 2025-09-16 00:31:02
Processed: 0 transactions
Errors: 0
New transactions: 0
Cron job completed at 2025-09-16 00:32:04
Processed: 0 transactions
Errors: 0
New transactions: 0
Cron job completed at 2025-09-16 00:33:02
Processed: 0 transactions
Errors: 0
New transactions: 0
Cron job completed at 2025-09-16 00:34:02
Processed: 0 transactions
Errors: 0
New transactions: 0
Cron job completed at 2025-09-16 00:35:02
Processed: 0 transactions
Errors: 0
New transactions: 0
Cron job completed at 2025-09-16 00:36:02
Processed: 1 transactions
Errors: 0
New transactions: 1
Cron job completed at 2025-09-16 00:37:02
Processed: 0 transactions
Errors: 0
New transactions: 0
Cron job completed at 2025-09-16 00:38:02
Processed: 0 transactions
Errors: 0
New transactions: 0
Cron job completed at 2025-09-16 00:39:02
Processed: 0 transactions
Errors: 0
New transactions: 0
Cron job completed at 2025-09-16 00:40:02
Processed: 0 transactions
Errors: 0
New transactions: 0
Cron job completed at 2025-09-16 00:41:03
Processed: 0 transactions
Errors: 0
New transactions: 0
Cron job completed at 2025-09-16 00:42:02
Processed: 0 transactions
Errors: 0
New transactions: 0
Cron job completed at 2025-09-16 00:43:02
Processed: 0 transactions
Errors: 0
New transactions: 0
Cron job completed at 2025-09-16 00:44:03
Processed: 0 transactions
Errors: 0
New transactions: 0
Cron job completed at 2025-09-16 00:45:03
Processed: 0 transactions
Errors: 0
New transactions: 0
Cron job completed at 2025-09-16 00:46:02
Processed: 0 transactions
Errors: 0
New transactions: 0
Cron job completed at 2025-09-16 00:47:02
Processed: 0 transactions
Errors: 0
New transactions: 0
Cron job completed at 2025-09-16 00:48:03
Processed: 0 transactions
Errors: 0
New transactions: 0
Cron job completed at 2025-09-16 00:49:03
Processed: 0 transactions
Errors: 0
New transactions: 0
Cron job completed at 2025-09-16 00:50:02
Processed: 0 transactions
Errors: 0
New transactions: 0
Cron job completed at 2025-09-16 00:51:03
Processed: 0 transactions
Errors: 0
New transactions: 0
Cron job completed at 2025-09-16 00:52:03
Processed: 0 transactions
Errors: 0
New transactions: 0
Cron job completed at 2025-09-16 00:53:02
Processed: 0 transactions
Errors: 0
New transactions: 0
Cron job completed at 2025-09-16 00:54:03
Processed: 0 transactions
Errors: 0
New transactions: 0
Cron job completed at 2025-09-16 00:55:03
Processed: 0 transactions
Errors: 0
New transactions: 0
Cron job completed at 2025-09-16 00:56:03
Processed: 0 transactions
Errors: 0
New transactions: 0
Cron job completed at 2025-09-16 00:57:03
Processed: 0 transactions
Errors: 0
New transactions: 0
Cron job completed at 2025-09-16 00:58:02
Processed: 0 transactions
Errors: 0
New transactions: 0
Cron job completed at 2025-09-16 00:59:03
Processed: 0 transactions
Errors: 0
New transactions: 0
Cron job completed at 2025-09-16 01:00:02
Processed: 0 transactions
Errors: 0
New transactions: 0
Cron job completed at 2025-09-16 01:01:03
Processed: 0 transactions
Errors: 0
New transactions: 0
Cron job completed at 2025-09-16 01:02:02
Processed: 0 transactions
Errors: 0
New transactions: 0
Cron job completed at 2025-09-16 01:03:02
Processed: 0 transactions
Errors: 0
New transactions: 0
Cron job completed at 2025-09-16 01:04:03
Processed: 0 transactions
Errors: 0
New transactions: 0
Cron job completed at 2025-09-16 01:05:03
Processed: 0 transactions
Errors: 0
New transactions: 0
Cron job completed at 2025-09-16 01:06:02
Processed: 0 transactions
Errors: 0
New transactions: 0
Cron job completed at 2025-09-16 01:07:03
Processed: 0 transactions
Errors: 0
New transactions: 0
Cron job completed at 2025-09-16 01:08:02
Processed: 0 transactions
Errors: 0
New transactions: 0
Cron job completed at 2025-09-16 01:09:03
Processed: 0 transactions
Errors: 0
New transactions: 0
Cron job completed at 2025-09-16 01:10:03
Processed: 0 transactions
Errors: 0
New transactions: 0
Cron job completed at 2025-09-16 01:11:02
Processed: 0 transactions
Errors: 0
New transactions: 0
Cron job completed at 2025-09-16 01:12:02
Processed: 0 transactions
Errors: 0
New transactions: 0
Cron job completed at 2025-09-16 01:13:02
Processed: 0 transactions
Errors: 0
New transactions: 0
Cron job completed at 2025-09-16 01:14:02
Processed: 0 transactions
Errors: 0
New transactions: 0
Cron job completed at 2025-09-16 01:15:02
Processed: 0 transactions
Errors: 0
New transactions: 0
Cron job completed at 2025-09-16 01:16:03
Processed: 0 transactions
Errors: 0
New transactions: 0
Cron job completed at 2025-09-16 01:17:03
Processed: 0 transactions
Errors: 0
New transactions: 0
Cron job completed at 2025-09-16 01:18:03
Processed: 0 transactions
Errors: 0
New transactions: 0
Cron job completed at 2025-09-16 01:19:02
Processed: 0 transactions
Errors: 0
New transactions: 0
Cron job completed at 2025-09-16 01:20:03
Processed: 0 transactions
Errors: 0
New transactions: 0
Cron job completed at 2025-09-16 01:21:02
Processed: 0 transactions
Errors: 0
New transactions: 0
Cron job completed at 2025-09-16 01:22:02
Processed: 0 transactions
Errors: 0
New transactions: 0
Cron job completed at 2025-09-16 01:23:03
Processed: 0 transactions
Errors: 0
New transactions: 0
Cron job completed at 2025-09-16 01:24:02
Processed: 0 transactions
Errors: 0
New transactions: 0
Cron job completed at 2025-09-16 01:25:03
Processed: 0 transactions
Errors: 0
New transactions: 0
Cron job completed at 2025-09-16 01:26:03
Processed: 0 transactions
Errors: 0
New transactions: 0
Cron job completed at 2025-09-16 01:27:03
Processed: 0 transactions
Errors: 0
New transactions: 0
Cron job completed at 2025-09-16 01:28:02
Processed: 0 transactions
Errors: 0
New transactions: 0
Cron job completed at 2025-09-16 01:29:02
Processed: 0 transactions
Errors: 0
New transactions: 0
Cron job completed at 2025-09-16 01:30:02
Processed: 0 transactions
Errors: 0
New transactions: 0
Cron job completed at 2025-09-16 01:31:02
Processed: 0 transactions
Errors: 0
New transactions: 0
Cron job completed at 2025-09-16 01:32:02
Processed: 0 transactions
Errors: 0
New transactions: 0
Cron job completed at 2025-09-16 01:33:02
Processed: 0 transactions
Errors: 0
New transactions: 0
Cron job completed at 2025-09-16 01:34:02
Processed: 0 transactions
Errors: 0
New transactions: 0
Cron job completed at 2025-09-16 01:35:02
Processed: 0 transactions
Errors: 0
New transactions: 0
Cron job completed at 2025-09-16 01:36:02
Processed: 0 transactions
Errors: 0
New transactions: 0
Cron job completed at 2025-09-16 01:37:02
Processed: 0 transactions
Errors: 0
New transactions: 0
Cron job completed at 2025-09-16 01:38:02
Processed: 0 transactions
Errors: 0
New transactions: 0
Cron job completed at 2025-09-16 01:39:03
Processed: 0 transactions
Errors: 0
New transactions: 0
Cron job completed at 2025-09-16 01:40:03
Processed: 0 transactions
Errors: 0
New transactions: 0
Cron job completed at 2025-09-16 01:41:02
Processed: 0 transactions
Errors: 0
New transactions: 0
Cron job completed at 2025-09-16 01:42:03
Processed: 0 transactions
Errors: 0
New transactions: 0
Cron job completed at 2025-09-16 01:43:02
Processed: 0 transactions
Errors: 0
New transactions: 0
Cron job completed at 2025-09-16 01:44:02
Processed: 0 transactions
Errors: 0
New transactions: 0
Cron job completed at 2025-09-16 01:45:02
Processed: 0 transactions
Errors: 0
New transactions: 0
Cron job completed at 2025-09-16 01:46:02
Processed: 0 transactions
Errors: 0
New transactions: 0
Cron job completed at 2025-09-16 01:47:02
Processed: 0 transactions
Errors: 0
New transactions: 0
Cron job completed at 2025-09-16 01:48:02
Processed: 0 transactions
Errors: 0
New transactions: 0
Cron job completed at 2025-09-16 01:49:02
Processed: 0 transactions
Errors: 0
New transactions: 0
Cron job completed at 2025-09-16 01:50:03
Processed: 0 transactions
Errors: 0
New transactions: 0
Cron job completed at 2025-09-16 01:51:02
Processed: 0 transactions
Errors: 0
New transactions: 0
Cron job completed at 2025-09-16 01:52:02
Processed: 0 transactions
Errors: 0
New transactions: 0
Cron job completed at 2025-09-16 01:53:03
Processed: 0 transactions
Errors: 0
New transactions: 0
Cron job completed at 2025-09-16 01:54:03
Processed: 0 transactions
Errors: 0
New transactions: 0
Cron job completed at 2025-09-16 01:55:02
Processed: 0 transactions
Errors: 0
New transactions: 0
Cron job completed at 2025-09-16 01:56:03
Processed: 0 transactions
Errors: 0
New transactions: 0
Cron job completed at 2025-09-16 01:57:03
Processed: 0 transactions
Errors: 0
New transactions: 0
Cron job completed at 2025-09-16 01:58:02
Processed: 0 transactions
Errors: 0
New transactions: 0
Cron job completed at 2025-09-16 01:59:02
Processed: 0 transactions
Errors: 0
New transactions: 0
Cron job completed at 2025-09-16 02:00:03
Processed: 0 transactions
Errors: 0
New transactions: 0
Cron job completed at 2025-09-16 02:01:03
Processed: 0 transactions
Errors: 0
New transactions: 0
Cron job completed at 2025-09-16 02:02:02
Processed: 0 transactions
Errors: 0
New transactions: 0
Cron job completed at 2025-09-16 02:03:02
Processed: 0 transactions
Errors: 0
New transactions: 0
Cron job completed at 2025-09-16 02:04:02
Processed: 0 transactions
Errors: 0
New transactions: 0
Cron job completed at 2025-09-16 02:05:03
Processed: 0 transactions
Errors: 0
New transactions: 0
Cron job completed at 2025-09-16 02:06:02
Processed: 0 transactions
Errors: 0
New transactions: 0
Cron job completed at 2025-09-16 02:07:02
Processed: 0 transactions
Errors: 0
New transactions: 0
Cron job completed at 2025-09-16 02:08:02
Processed: 0 transactions
Errors: 0
New transactions: 0
Cron job completed at 2025-09-16 02:09:03
Processed: 0 transactions
Errors: 0
New transactions: 0
Cron job completed at 2025-09-16 02:10:03
Processed: 0 transactions
Errors: 0
New transactions: 0
Cron job completed at 2025-09-16 02:11:03
Processed: 0 transactions
Errors: 0
New transactions: 0
Cron job completed at 2025-09-16 02:12:03
Processed: 0 transactions
Errors: 0
New transactions: 0
Cron job completed at 2025-09-16 02:13:02
Processed: 0 transactions
Errors: 0
New transactions: 0
Cron job completed at 2025-09-16 02:14:03
Processed: 0 transactions
Errors: 0
New transactions: 0
Cron job completed at 2025-09-16 02:15:02
Processed: 0 transactions
Errors: 0
New transactions: 0
Cron job completed at 2025-09-16 02:16:03
Processed: 0 transactions
Errors: 0
New transactions: 0
Cron job completed at 2025-09-16 02:17:02
Processed: 0 transactions
Errors: 0
New transactions: 0
Cron job completed at 2025-09-16 02:18:03
Processed: 0 transactions
Errors: 0
New transactions: 0
Cron job completed at 2025-09-16 02:19:02
Processed: 0 transactions
Errors: 0
New transactions: 0
Cron job completed at 2025-09-16 02:20:03
Processed: 0 transactions
Errors: 0
New transactions: 0
Cron job completed at 2025-09-16 02:21:02
Processed: 0 transactions
Errors: 0
New transactions: 0
Cron job completed at 2025-09-16 02:22:04
Processed: 0 transactions
Errors: 0
New transactions: 0
Cron job completed at 2025-09-16 02:23:03
Processed: 0 transactions
Errors: 0
New transactions: 0
Cron job completed at 2025-09-16 02:24:03
Processed: 0 transactions
Errors: 0
New transactions: 0
Cron job completed at 2025-09-16 02:25:03
Processed: 0 transactions
Errors: 0
New transactions: 0
Cron job completed at 2025-09-16 02:26:02
Processed: 0 transactions
Errors: 0
New transactions: 0
Cron job completed at 2025-09-16 02:27:02
Processed: 0 transactions
Errors: 0
New transactions: 0
Cron job completed at 2025-09-16 02:28:03
Processed: 0 transactions
Errors: 0
New transactions: 0
Cron job completed at 2025-09-16 02:29:03
Processed: 0 transactions
Errors: 0
New transactions: 0
Cron job completed at 2025-09-16 02:30:03
Processed: 0 transactions
Errors: 0
New transactions: 0
Cron job completed at 2025-09-16 02:31:02
Processed: 0 transactions
Errors: 0
New transactions: 0
Cron job completed at 2025-09-16 02:32:02
Processed: 0 transactions
Errors: 0
New transactions: 0
Cron job completed at 2025-09-16 02:33:02
Processed: 0 transactions
Errors: 0
New transactions: 0
Cron job completed at 2025-09-16 02:34:02
Processed: 0 transactions
Errors: 0
New transactions: 0
Cron job completed at 2025-09-16 02:35:03
Processed: 0 transactions
Errors: 0
New transactions: 0
Cron job completed at 2025-09-16 02:36:03
Processed: 0 transactions
Errors: 0
New transactions: 0
Cron job completed at 2025-09-16 02:37:03
Processed: 0 transactions
Errors: 0
New transactions: 0
Cron job completed at 2025-09-16 02:38:03
Processed: 0 transactions
Errors: 0
New transactions: 0
Cron job completed at 2025-09-16 02:39:03
Processed: 0 transactions
Errors: 0
New transactions: 0
Cron job completed at 2025-09-16 02:40:03
Processed: 0 transactions
Errors: 0
New transactions: 0
Cron job completed at 2025-09-16 02:41:02
Processed: 0 transactions
Errors: 0
New transactions: 0
Cron job completed at 2025-09-16 02:42:03
Processed: 0 transactions
Errors: 0
New transactions: 0
Cron job completed at 2025-09-16 02:43:02
Processed: 0 transactions
Errors: 0
New transactions: 0
Cron job completed at 2025-09-16 02:44:02
Processed: 0 transactions
Errors: 0
New transactions: 0
Cron job completed at 2025-09-16 02:45:03
Processed: 0 transactions
Errors: 0
New transactions: 0
Cron job completed at 2025-09-16 02:46:03
Processed: 0 transactions
Errors: 0
New transactions: 0
Cron job completed at 2025-09-16 02:47:02
Processed: 0 transactions
Errors: 0
New transactions: 0
Cron job completed at 2025-09-16 02:48:02
Processed: 0 transactions
Errors: 0
New transactions: 0
Cron job completed at 2025-09-16 02:49:02
Processed: 0 transactions
Errors: 0
New transactions: 0
Cron job completed at 2025-09-16 02:50:02
Processed: 0 transactions
Errors: 0
New transactions: 0
Cron job completed at 2025-09-16 02:51:02
Processed: 0 transactions
Errors: 0
New transactions: 0
Cron job completed at 2025-09-16 02:52:03
Processed: 0 transactions
Errors: 0
New transactions: 0
Cron job completed at 2025-09-16 02:53:02
Processed: 0 transactions
Errors: 0
New transactions: 0
Cron job completed at 2025-09-16 02:54:04
Processed: 0 transactions
Errors: 0
New transactions: 0
Cron job completed at 2025-09-16 02:55:03
Processed: 0 transactions
Errors: 0
New transactions: 0
Cron job completed at 2025-09-16 02:56:03
Processed: 0 transactions
Errors: 0
New transactions: 0
Cron job completed at 2025-09-16 02:57:03
Processed: 0 transactions
Errors: 0
New transactions: 0
Cron job completed at 2025-09-16 02:58:02
Processed: 0 transactions
Errors: 0
New transactions: 0
Cron job completed at 2025-09-16 02:59:02
Processed: 0 transactions
Errors: 0
New transactions: 0
Cron job completed at 2025-09-16 03:00:03
Processed: 0 transactions
Errors: 0
New transactions: 0
Cron job completed at 2025-09-16 03:01:02
Processed: 0 transactions
Errors: 0
New transactions: 0
Cron job completed at 2025-09-16 03:02:02
Processed: 0 transactions
Errors: 0
New transactions: 0
Cron job completed at 2025-09-16 03:03:02
Processed: 0 transactions
Errors: 0
New transactions: 0
Cron job completed at 2025-09-16 03:04:03
Processed: 0 transactions
Errors: 0
New transactions: 0
Cron job completed at 2025-09-16 03:05:03
Processed: 0 transactions
Errors: 0
New transactions: 0
Cron job completed at 2025-09-16 03:06:03
Processed: 0 transactions
Errors: 0
New transactions: 0
Cron job completed at 2025-09-16 03:07:03
Processed: 0 transactions
Errors: 0
New transactions: 0
Cron job completed at 2025-09-16 03:08:03
Processed: 0 transactions
Errors: 0
New transactions: 0
Cron job completed at 2025-09-16 03:09:02
Processed: 0 transactions
Errors: 0
New transactions: 0
Cron job completed at 2025-09-16 03:10:02
Processed: 0 transactions
Errors: 0
New transactions: 0
Cron job completed at 2025-09-16 03:11:03
Processed: 0 transactions
Errors: 0
New transactions: 0
Cron job completed at 2025-09-16 03:12:02
Processed: 0 transactions
Errors: 0
New transactions: 0
Cron job completed at 2025-09-16 03:13:02
Processed: 0 transactions
Errors: 0
New transactions: 0
Cron job completed at 2025-09-16 03:14:02
Processed: 0 transactions
Errors: 0
New transactions: 0
Cron job completed at 2025-09-16 03:15:03
Processed: 0 transactions
Errors: 0
New transactions: 0
Cron job completed at 2025-09-16 03:16:03
Processed: 0 transactions
Errors: 0
New transactions: 0
Cron job completed at 2025-09-16 03:17:02
Processed: 0 transactions
Errors: 0
New transactions: 0
Cron job completed at 2025-09-16 03:18:03
Processed: 0 transactions
Errors: 0
New transactions: 0
Cron job completed at 2025-09-16 03:19:03
Processed: 0 transactions
Errors: 0
New transactions: 0
Cron job completed at 2025-09-16 03:20:03
Processed: 0 transactions
Errors: 0
New transactions: 0
Cron job completed at 2025-09-16 03:21:03
Processed: 0 transactions
Errors: 0
New transactions: 0
Cron job completed at 2025-09-16 03:22:03
Processed: 0 transactions
Errors: 0
New transactions: 0
Cron job completed at 2025-09-16 03:23:03
Processed: 0 transactions
Errors: 0
New transactions: 0
Cron job completed at 2025-09-16 03:24:03
Processed: 0 transactions
Errors: 0
New transactions: 0
Cron job completed at 2025-09-16 03:25:03
Processed: 0 transactions
Errors: 0
New transactions: 0
Cron job completed at 2025-09-16 03:26:02
Processed: 0 transactions
Errors: 0
New transactions: 0
Cron job completed at 2025-09-16 03:27:02
Processed: 0 transactions
Errors: 0
New transactions: 0
Cron job completed at 2025-09-16 03:28:03
Processed: 0 transactions
Errors: 0
New transactions: 0
Cron job completed at 2025-09-16 03:29:02
Processed: 0 transactions
Errors: 0
New transactions: 0
Cron job completed at 2025-09-16 03:30:04
Processed: 0 transactions
Errors: 0
New transactions: 0
Cron job completed at 2025-09-16 03:31:03
Processed: 0 transactions
Errors: 0
New transactions: 0
Cron job completed at 2025-09-16 03:32:02
Processed: 0 transactions
Errors: 0
New transactions: 0
Cron job completed at 2025-09-16 03:33:02
Processed: 0 transactions
Errors: 0
New transactions: 0
Cron job completed at 2025-09-16 03:34:02
Processed: 0 transactions
Errors: 0
New transactions: 0
Cron job completed at 2025-09-16 03:35:02
Processed: 0 transactions
Errors: 0
New transactions: 0
Cron job completed at 2025-09-16 03:36:02
Processed: 0 transactions
Errors: 0
New transactions: 0
Cron job completed at 2025-09-16 03:37:02
Processed: 0 transactions
Errors: 0
New transactions: 0
Cron job completed at 2025-09-16 03:38:03
Processed: 0 transactions
Errors: 0
New transactions: 0
Cron job completed at 2025-09-16 03:39:02
Processed: 0 transactions
Errors: 0
New transactions: 0
Cron job completed at 2025-09-16 03:40:03
Processed: 0 transactions
Errors: 0
New transactions: 0
Cron job completed at 2025-09-16 03:41:02
Processed: 0 transactions
Errors: 0
New transactions: 0
Cron job completed at 2025-09-16 03:42:02
Processed: 0 transactions
Errors: 0
New transactions: 0
Cron job completed at 2025-09-16 03:43:02
Processed: 0 transactions
Errors: 0
New transactions: 0
Cron job completed at 2025-09-16 03:44:03
Processed: 0 transactions
Errors: 0
New transactions: 0
Cron job completed at 2025-09-16 03:45:03
Processed: 0 transactions
Errors: 0
New transactions: 0
Cron job completed at 2025-09-16 03:46:03
Processed: 0 transactions
Errors: 0
New transactions: 0
Cron job completed at 2025-09-16 03:47:03
Processed: 0 transactions
Errors: 0
New transactions: 0
Cron job completed at 2025-09-16 03:48:03
Processed: 0 transactions
Errors: 0
New transactions: 0
Cron job completed at 2025-09-16 03:49:02
Processed: 0 transactions
Errors: 0
New transactions: 0
Cron job completed at 2025-09-16 03:50:02
Processed: 0 transactions
Errors: 0
New transactions: 0
Cron job completed at 2025-09-16 03:51:02
Processed: 0 transactions
Errors: 0
New transactions: 0
Cron job completed at 2025-09-16 03:52:02
Processed: 0 transactions
Errors: 0
New transactions: 0
Cron job completed at 2025-09-16 03:53:03
Processed: 0 transactions
Errors: 0
New transactions: 0
Cron job completed at 2025-09-16 03:54:03
Processed: 0 transactions
Errors: 0
New transactions: 0
Cron job completed at 2025-09-16 03:55:02
Processed: 0 transactions
Errors: 0
New transactions: 0
Cron job completed at 2025-09-16 03:56:02
Processed: 0 transactions
Errors: 0
New transactions: 0
Cron job completed at 2025-09-16 03:57:02
Processed: 0 transactions
Errors: 0
New transactions: 0
Cron job completed at 2025-09-16 03:58:03
Processed: 0 transactions
Errors: 0
New transactions: 0
Cron job completed at 2025-09-16 03:59:02
Processed: 0 transactions
Errors: 0
New transactions: 0
Cron job completed at 2025-09-16 04:00:02
Processed: 0 transactions
Errors: 0
New transactions: 0
Cron job completed at 2025-09-16 04:01:03
Processed: 0 transactions
Errors: 0
New transactions: 0
Cron job completed at 2025-09-16 04:02:03
Processed: 0 transactions
Errors: 0
New transactions: 0
Cron job completed at 2025-09-16 04:03:02
Processed: 0 transactions
Errors: 0
New transactions: 0
Cron job completed at 2025-09-16 04:04:02
Processed: 0 transactions
Errors: 0
New transactions: 0
Cron job completed at 2025-09-16 04:05:03
Processed: 0 transactions
Errors: 0
New transactions: 0
Cron job completed at 2025-09-16 04:06:02
Processed: 0 transactions
Errors: 0
New transactions: 0
Cron job completed at 2025-09-16 04:07:02
Processed: 0 transactions
Errors: 0
New transactions: 0
Cron job completed at 2025-09-16 04:08:02
Processed: 0 transactions
Errors: 0
New transactions: 0
Cron job completed at 2025-09-16 04:09:03
Processed: 0 transactions
Errors: 0
New transactions: 0
Cron job completed at 2025-09-16 04:10:03
Processed: 0 transactions
Errors: 0
New transactions: 0
Cron job completed at 2025-09-16 04:11:03
Processed: 0 transactions
Errors: 0
New transactions: 0
Cron job completed at 2025-09-16 04:12:03
Processed: 0 transactions
Errors: 0
New transactions: 0
Cron job completed at 2025-09-16 04:13:02
Processed: 0 transactions
Errors: 0
New transactions: 0
Cron job completed at 2025-09-16 04:14:03
Processed: 0 transactions
Errors: 0
New transactions: 0
Cron job completed at 2025-09-16 04:15:03
Processed: 0 transactions
Errors: 0
New transactions: 0
Cron job completed at 2025-09-16 04:16:03
Processed: 0 transactions
Errors: 0
New transactions: 0
Cron job completed at 2025-09-16 04:17:02
Processed: 0 transactions
Errors: 0
New transactions: 0
Cron job completed at 2025-09-16 04:18:02
Processed: 0 transactions
Errors: 0
New transactions: 0
Cron job completed at 2025-09-16 04:19:02
Processed: 0 transactions
Errors: 0
New transactions: 0
Cron job completed at 2025-09-16 04:20:02
Processed: 0 transactions
Errors: 0
New transactions: 0
Cron job completed at 2025-09-16 04:21:03
Processed: 0 transactions
Errors: 0
New transactions: 0
Cron job completed at 2025-09-16 04:22:02
Processed: 0 transactions
Errors: 0
New transactions: 0
Cron job completed at 2025-09-16 04:23:03
Processed: 0 transactions
Errors: 0
New transactions: 0
Cron job completed at 2025-09-16 04:24:03
Processed: 0 transactions
Errors: 0
New transactions: 0
Cron job completed at 2025-09-16 04:25:02
Processed: 0 transactions
Errors: 0
New transactions: 0
Cron job completed at 2025-09-16 04:26:03
Processed: 0 transactions
Errors: 0
New transactions: 0
Cron job completed at 2025-09-16 04:27:02
Processed: 0 transactions
Errors: 0
New transactions: 0
Cron job completed at 2025-09-16 04:28:03
Processed: 0 transactions
Errors: 0
New transactions: 0
Cron job completed at 2025-09-16 04:29:03
Processed: 0 transactions
Errors: 0
New transactions: 0
Cron job completed at 2025-09-16 04:30:03
Processed: 0 transactions
Errors: 0
New transactions: 0
Cron job completed at 2025-09-16 04:31:02
Processed: 0 transactions
Errors: 0
New transactions: 0
Cron job completed at 2025-09-16 04:32:03
Processed: 0 transactions
Errors: 0
New transactions: 0
Cron job completed at 2025-09-16 04:33:02
Processed: 0 transactions
Errors: 0
New transactions: 0
Cron job completed at 2025-09-16 04:34:02
Processed: 0 transactions
Errors: 0
New transactions: 0
Cron job completed at 2025-09-16 04:35:02
Processed: 0 transactions
Errors: 0
New transactions: 0
Cron job completed at 2025-09-16 04:36:03
Processed: 0 transactions
Errors: 0
New transactions: 0
Cron job completed at 2025-09-16 04:37:02
Processed: 0 transactions
Errors: 0
New transactions: 0
Cron job completed at 2025-09-16 04:38:03
Processed: 0 transactions
Errors: 0
New transactions: 0
Cron job completed at 2025-09-16 04:39:03
Processed: 0 transactions
Errors: 0
New transactions: 0
Cron job completed at 2025-09-16 04:40:03
Processed: 0 transactions
Errors: 0
New transactions: 0
Cron job completed at 2025-09-16 04:41:03
Processed: 0 transactions
Errors: 0
New transactions: 0
Cron job completed at 2025-09-16 04:42:03
Processed: 0 transactions
Errors: 0
New transactions: 0
Cron job completed at 2025-09-16 04:43:02
Processed: 0 transactions
Errors: 0
New transactions: 0
Cron job completed at 2025-09-16 04:44:02
Processed: 0 transactions
Errors: 0
New transactions: 0
Cron job completed at 2025-09-16 04:45:02
Processed: 0 transactions
Errors: 0
New transactions: 0
Cron job completed at 2025-09-16 04:46:03
Processed: 0 transactions
Errors: 0
New transactions: 0
Cron job completed at 2025-09-16 04:47:02
Processed: 0 transactions
Errors: 0
New transactions: 0
Cron job completed at 2025-09-16 04:48:02
Processed: 0 transactions
Errors: 0
New transactions: 0
Cron job completed at 2025-09-16 04:49:02
Processed: 0 transactions
Errors: 0
New transactions: 0
Cron job completed at 2025-09-16 04:50:02
Processed: 0 transactions
Errors: 0
New transactions: 0
Cron job completed at 2025-09-16 04:51:03
Processed: 0 transactions
Errors: 0
New transactions: 0
Cron job completed at 2025-09-16 04:52:09
Processed: 0 transactions
Errors: 0
New transactions: 0
Cron job completed at 2025-09-16 04:53:03
Processed: 0 transactions
Errors: 0
New transactions: 0
Cron job completed at 2025-09-16 04:54:04
Processed: 0 transactions
Errors: 0
New transactions: 0
Cron job completed at 2025-09-16 04:55:08
Processed: 0 transactions
Errors: 0
New transactions: 0
Cron job completed at 2025-09-16 04:56:02
Processed: 0 transactions
Errors: 0
New transactions: 0
Cron job completed at 2025-09-16 04:57:02
Processed: 0 transactions
Errors: 0
New transactions: 0
Cron job completed at 2025-09-16 04:58:02
Processed: 0 transactions
Errors: 0
New transactions: 0
Cron job completed at 2025-09-16 04:59:02
Processed: 0 transactions
Errors: 0
New transactions: 0
Cron job completed at 2025-09-16 05:00:02
Processed: 0 transactions
Errors: 0
New transactions: 0
Cron job completed at 2025-09-16 05:01:02
Processed: 0 transactions
Errors: 0
New transactions: 0
Cron job completed at 2025-09-16 05:02:02
Processed: 0 transactions
Errors: 0
New transactions: 0
Cron job completed at 2025-09-16 05:03:03
Processed: 0 transactions
Errors: 0
New transactions: 0
Cron job completed at 2025-09-16 05:04:03
Processed: 0 transactions
Errors: 0
New transactions: 0
Cron job completed at 2025-09-16 05:05:03
Processed: 0 transactions
Errors: 0
New transactions: 0
Cron job completed at 2025-09-16 05:06:31
Processed: 0 transactions
Errors: 0
New transactions: 0
Cron job completed at 2025-09-16 05:07:02
Processed: 0 transactions
Errors: 0
New transactions: 0
Cron job completed at 2025-09-16 05:08:03
Processed: 0 transactions
Errors: 0
New transactions: 0
Cron job completed at 2025-09-16 05:09:02
Processed: 0 transactions
Errors: 0
New transactions: 0
Cron job completed at 2025-09-16 05:10:13
Processed: 0 transactions
Errors: 0
New transactions: 0
Cron job completed at 2025-09-16 05:11:02
Processed: 0 transactions
Errors: 0
New transactions: 0
Cron job completed at 2025-09-16 05:12:02
Processed: 0 transactions
Errors: 0
New transactions: 0
Cron job completed at 2025-09-16 05:13:03
Processed: 0 transactions
Errors: 0
New transactions: 0
Cron job completed at 2025-09-16 05:14:02
Processed: 0 transactions
Errors: 0
New transactions: 0
Cron job completed at 2025-09-16 05:15:13
Processed: 0 transactions
Errors: 0
New transactions: 0
Cron job completed at 2025-09-16 05:16:04
Processed: 0 transactions
Errors: 0
New transactions: 0
Cron job completed at 2025-09-16 05:17:02
Processed: 0 transactions
Errors: 0
New transactions: 0
Cron job completed at 2025-09-16 05:18:02
Processed: 0 transactions
Errors: 0
New transactions: 0
Cron job completed at 2025-09-16 05:19:02
Processed: 0 transactions
Errors: 0
New transactions: 0
Cron job completed at 2025-09-16 05:20:03
Processed: 0 transactions
Errors: 0
New transactions: 0
Cron job completed at 2025-09-16 05:21:03
Processed: 0 transactions
Errors: 0
New transactions: 0
Cron job completed at 2025-09-16 05:22:07
Processed: 0 transactions
Errors: 0
New transactions: 0
Cron job completed at 2025-09-16 05:23:02
Processed: 0 transactions
Errors: 0
New transactions: 0
Cron job completed at 2025-09-16 05:24:03
Processed: 0 transactions
Errors: 0
New transactions: 0
Cron job completed at 2025-09-16 05:25:02
Processed: 0 transactions
Errors: 0
New transactions: 0
Cron job completed at 2025-09-16 05:26:03
Processed: 0 transactions
Errors: 0
New transactions: 0
Cron job completed at 2025-09-16 05:27:02
Processed: 0 transactions
Errors: 0
New transactions: 0
Cron job completed at 2025-09-16 05:28:02
Processed: 0 transactions
Errors: 0
New transactions: 0
Cron job completed at 2025-09-16 05:29:03
Processed: 0 transactions
Errors: 0
New transactions: 0
Cron job completed at 2025-09-16 05:30:03
Processed: 0 transactions
Errors: 0
New transactions: 0
Cron job completed at 2025-09-16 05:31:02
Processed: 0 transactions
Errors: 0
New transactions: 0
Cron job completed at 2025-09-16 05:32:03
Processed: 0 transactions
Errors: 0
New transactions: 0
Cron job completed at 2025-09-16 05:33:02
Processed: 0 transactions
Errors: 0
New transactions: 0
Cron job completed at 2025-09-16 05:34:02
Processed: 0 transactions
Errors: 0
New transactions: 0
Cron job completed at 2025-09-16 05:35:03
Processed: 0 transactions
Errors: 0
New transactions: 0
Cron job completed at 2025-09-16 05:36:03
Processed: 0 transactions
Errors: 0
New transactions: 0
Cron job completed at 2025-09-16 05:37:03
Processed: 0 transactions
Errors: 0
New transactions: 0
Cron job completed at 2025-09-16 05:38:02
Processed: 0 transactions
Errors: 0
New transactions: 0
Cron job completed at 2025-09-16 05:39:02
Processed: 0 transactions
Errors: 0
New transactions: 0
Cron job completed at 2025-09-16 05:40:02
Processed: 0 transactions
Errors: 0
New transactions: 0
Cron job completed at 2025-09-16 05:41:02
Processed: 0 transactions
Errors: 0
New transactions: 0
Cron job completed at 2025-09-16 05:42:02
Processed: 0 transactions
Errors: 0
New transactions: 0
Cron job completed at 2025-09-16 05:43:02
Processed: 0 transactions
Errors: 0
New transactions: 0
Cron job completed at 2025-09-16 05:44:03
Processed: 0 transactions
Errors: 0
New transactions: 0
Cron job completed at 2025-09-16 05:45:03
Processed: 0 transactions
Errors: 0
New transactions: 0
Cron job completed at 2025-09-16 05:46:02
Processed: 0 transactions
Errors: 0
New transactions: 0
Cron job completed at 2025-09-16 05:47:03
Processed: 0 transactions
Errors: 0
New transactions: 0
Cron job completed at 2025-09-16 05:48:14
Processed: 0 transactions
Errors: 0
New transactions: 0
Cron job completed at 2025-09-16 05:49:05
Processed: 0 transactions
Errors: 0
New transactions: 0
Cron job completed at 2025-09-16 05:50:03
Processed: 0 transactions
Errors: 0
New transactions: 0
Cron job completed at 2025-09-16 05:51:08
Processed: 0 transactions
Errors: 0
New transactions: 0
Cron job completed at 2025-09-16 05:52:02
Processed: 0 transactions
Errors: 0
New transactions: 0
Cron job completed at 2025-09-16 05:53:02
Processed: 0 transactions
Errors: 0
New transactions: 0
Cron job completed at 2025-09-16 05:54:03
Processed: 0 transactions
Errors: 0
New transactions: 0
Cron job completed at 2025-09-16 05:55:11
Processed: 0 transactions
Errors: 0
New transactions: 0
Cron job completed at 2025-09-16 05:56:20
Processed: 0 transactions
Errors: 0
New transactions: 0
Cron job completed at 2025-09-16 05:57:02
Processed: 0 transactions
Errors: 0
New transactions: 0
Cron job completed at 2025-09-16 05:58:02
Processed: 0 transactions
Errors: 0
New transactions: 0
Cron job completed at 2025-09-16 05:59:03
Processed: 0 transactions
Errors: 0
New transactions: 0
Cron job completed at 2025-09-16 06:00:03
Processed: 0 transactions
Errors: 0
New transactions: 0
Cron job completed at 2025-09-16 06:01:03
Processed: 0 transactions
Errors: 0
New transactions: 0
Cron job completed at 2025-09-16 06:02:13
Processed: 0 transactions
Errors: 0
New transactions: 0
Cron job completed at 2025-09-16 06:03:03
Processed: 0 transactions
Errors: 0
New transactions: 0
Cron job completed at 2025-09-16 06:04:32
Processed: 0 transactions
Errors: 0
New transactions: 0
Cron job completed at 2025-09-16 06:05:31
Processed: 0 transactions
Errors: 0
New transactions: 0
Cron job completed at 2025-09-16 06:06:03
Processed: 0 transactions
Errors: 0
New transactions: 0
Cron job completed at 2025-09-16 06:07:11
Processed: 0 transactions
Errors: 0
New transactions: 0
Cron job completed at 2025-09-16 06:08:03
Processed: 0 transactions
Errors: 0
New transactions: 0
Cron job completed at 2025-09-16 06:09:02
Processed: 0 transactions
Errors: 0
New transactions: 0
Cron job completed at 2025-09-16 06:10:03
Processed: 0 transactions
Errors: 0
New transactions: 0
Cron job completed at 2025-09-16 06:11:21
Processed: 0 transactions
Errors: 0
New transactions: 0
Cron job completed at 2025-09-16 06:12:32
Processed: 0 transactions
Errors: 0
New transactions: 0
Cron job completed at 2025-09-16 06:13:03
Processed: 0 transactions
Errors: 0
New transactions: 0
Cron job completed at 2025-09-16 06:14:02
Processed: 0 transactions
Errors: 0
New transactions: 0
Cron job completed at 2025-09-16 06:15:03
Processed: 0 transactions
Errors: 0
New transactions: 0
Cron job completed at 2025-09-16 06:16:02
Processed: 0 transactions
Errors: 0
New transactions: 0
Cron job completed at 2025-09-16 06:17:21
Processed: 0 transactions
Errors: 0
New transactions: 0
Cron job completed at 2025-09-16 06:18:02
Processed: 0 transactions
Errors: 0
New transactions: 0
Cron job completed at 2025-09-16 06:19:05
Processed: 0 transactions
Errors: 0
New transactions: 0
Cron job completed at 2025-09-16 06:20:03
Processed: 0 transactions
Errors: 0
New transactions: 0
Cron job completed at 2025-09-16 06:21:08
Processed: 0 transactions
Errors: 0
New transactions: 0
Cron job completed at 2025-09-16 06:22:03
Processed: 0 transactions
Errors: 0
New transactions: 0
Cron job completed at 2025-09-16 06:23:02
Processed: 0 transactions
Errors: 0
New transactions: 0
Cron job completed at 2025-09-16 06:24:02
Processed: 0 transactions
Errors: 0
New transactions: 0
Cron job completed at 2025-09-16 06:25:02
Processed: 0 transactions
Errors: 0
New transactions: 0
Cron job completed at 2025-09-16 06:26:04
Processed: 0 transactions
Errors: 0
New transactions: 0
Cron job completed at 2025-09-16 06:27:03
Processed: 0 transactions
Errors: 0
New transactions: 0
Cron job completed at 2025-09-16 06:28:07
Processed: 0 transactions
Errors: 0
New transactions: 0
Cron job completed at 2025-09-16 06:29:03
Processed: 0 transactions
Errors: 0
New transactions: 0
Cron job completed at 2025-09-16 06:30:13
Processed: 0 transactions
Errors: 0
New transactions: 0
Cron job completed at 2025-09-16 06:31:03
Processed: 0 transactions
Errors: 0
New transactions: 0
Cron job completed at 2025-09-16 06:32:02
Processed: 0 transactions
Errors: 0
New transactions: 0
Cron job completed at 2025-09-16 06:33:03
Processed: 0 transactions
Errors: 0
New transactions: 0
Cron job completed at 2025-09-16 06:34:03
Processed: 0 transactions
Errors: 0
New transactions: 0
Cron job completed at 2025-09-16 06:35:03
Processed: 0 transactions
Errors: 0
New transactions: 0
Cron job completed at 2025-09-16 06:36:02
Processed: 0 transactions
Errors: 0
New transactions: 0
Cron job completed at 2025-09-16 06:37:03
Processed: 0 transactions
Errors: 0
New transactions: 0
Cron job completed at 2025-09-16 06:38:02
Processed: 0 transactions
Errors: 0
New transactions: 0
Cron job completed at 2025-09-16 06:39:04
Processed: 0 transactions
Errors: 0
New transactions: 0
Cron job completed at 2025-09-16 06:40:03
Processed: 0 transactions
Errors: 0
New transactions: 0
Cron job completed at 2025-09-16 06:41:02
Processed: 0 transactions
Errors: 0
New transactions: 0
Cron job completed at 2025-09-16 06:42:02
Processed: 0 transactions
Errors: 0
New transactions: 0
Cron job completed at 2025-09-16 06:43:02
Processed: 0 transactions
Errors: 0
New transactions: 0
Cron job completed at 2025-09-16 06:44:10
Processed: 0 transactions
Errors: 0
New transactions: 0
Cron job completed at 2025-09-16 06:45:02
Processed: 0 transactions
Errors: 0
New transactions: 0
Cron job completed at 2025-09-16 06:46:09
Processed: 0 transactions
Errors: 0
New transactions: 0
Cron job completed at 2025-09-16 06:47:04
Processed: 0 transactions
Errors: 0
New transactions: 0
Cron job completed at 2025-09-16 06:48:03
Processed: 0 transactions
Errors: 0
New transactions: 0
Cron job completed at 2025-09-16 06:49:02
Processed: 0 transactions
Errors: 0
New transactions: 0
Cron job completed at 2025-09-16 06:50:03
Processed: 0 transactions
Errors: 0
New transactions: 0
Cron job completed at 2025-09-16 06:51:02
Processed: 0 transactions
Errors: 0
New transactions: 0
Cron job completed at 2025-09-16 06:52:02
Processed: 0 transactions
Errors: 0
New transactions: 0
Cron job completed at 2025-09-16 06:53:02
Processed: 0 transactions
Errors: 0
New transactions: 0
Cron job completed at 2025-09-16 06:54:32
Processed: 0 transactions
Errors: 0
New transactions: 0
Cron job completed at 2025-09-16 06:55:03
Processed: 0 transactions
Errors: 0
New transactions: 0
Cron job completed at 2025-09-16 06:56:02
Processed: 0 transactions
Errors: 0
New transactions: 0
Cron job completed at 2025-09-16 06:57:04
Processed: 0 transactions
Errors: 0
New transactions: 0
Cron job completed at 2025-09-16 06:58:02
Processed: 0 transactions
Errors: 0
New transactions: 0
Cron job completed at 2025-09-16 06:59:31
Processed: 0 transactions
Errors: 0
New transactions: 0
Cron job completed at 2025-09-16 07:00:04
Processed: 0 transactions
Errors: 0
New transactions: 0
Cron job completed at 2025-09-16 07:01:07
Processed: 0 transactions
Errors: 0
New transactions: 0
Cron job completed at 2025-09-16 07:02:02
Processed: 0 transactions
Errors: 0
New transactions: 0
Cron job completed at 2025-09-16 07:03:02
Processed: 0 transactions
Errors: 0
New transactions: 0
Cron job completed at 2025-09-16 07:04:03
Processed: 0 transactions
Errors: 0
New transactions: 0
Cron job completed at 2025-09-16 07:05:03
Processed: 0 transactions
Errors: 0
New transactions: 0
Cron job completed at 2025-09-16 07:06:02
Processed: 0 transactions
Errors: 0
New transactions: 0
Cron job completed at 2025-09-16 07:07:02
Processed: 0 transactions
Errors: 0
New transactions: 0
Cron job completed at 2025-09-16 07:08:02
Processed: 0 transactions
Errors: 0
New transactions: 0
Cron job completed at 2025-09-16 07:09:03
Processed: 0 transactions
Errors: 0
New transactions: 0
Cron job completed at 2025-09-16 07:10:03
Processed: 0 transactions
Errors: 0
New transactions: 0
Cron job completed at 2025-09-16 07:11:03
Processed: 0 transactions
Errors: 0
New transactions: 0
Cron job completed at 2025-09-16 07:12:02
Processed: 0 transactions
Errors: 0
New transactions: 0
Cron job completed at 2025-09-16 07:13:07
Processed: 0 transactions
Errors: 0
New transactions: 0
Cron job completed at 2025-09-16 07:14:03
Processed: 0 transactions
Errors: 0
New transactions: 0
Cron job completed at 2025-09-16 07:15:02
Processed: 0 transactions
Errors: 0
New transactions: 0
Cron job completed at 2025-09-16 07:16:07
Processed: 0 transactions
Errors: 0
New transactions: 0
Cron job completed at 2025-09-16 07:17:21
Processed: 0 transactions
Errors: 0
New transactions: 0
Cron job completed at 2025-09-16 07:18:02
Processed: 0 transactions
Errors: 0
New transactions: 0
Cron job completed at 2025-09-16 07:19:14
Processed: 0 transactions
Errors: 0
New transactions: 0
Cron job completed at 2025-09-16 07:20:03
Processed: 0 transactions
Errors: 0
New transactions: 0
Cron job completed at 2025-09-16 07:21:03
Processed: 0 transactions
Errors: 0
New transactions: 0
Cron job completed at 2025-09-16 07:22:02
Processed: 0 transactions
Errors: 0
New transactions: 0
Cron job completed at 2025-09-16 07:23:03
Processed: 0 transactions
Errors: 0
New transactions: 0
Cron job completed at 2025-09-16 07:24:02
Processed: 0 transactions
Errors: 0
New transactions: 0
Cron job completed at 2025-09-16 07:25:03
Processed: 0 transactions
Errors: 0
New transactions: 0
Cron job completed at 2025-09-16 07:26:02
Processed: 0 transactions
Errors: 0
New transactions: 0
Cron job completed at 2025-09-16 07:27:03
Processed: 0 transactions
Errors: 0
New transactions: 0
Cron job completed at 2025-09-16 07:28:02
Processed: 0 transactions
Errors: 0
New transactions: 0
Cron job completed at 2025-09-16 07:29:02
Processed: 0 transactions
Errors: 0
New transactions: 0
Cron job completed at 2025-09-16 07:30:04
Processed: 0 transactions
Errors: 0
New transactions: 0
Cron job completed at 2025-09-16 07:31:03
Processed: 0 transactions
Errors: 0
New transactions: 0
Cron job completed at 2025-09-16 07:32:03
Processed: 0 transactions
Errors: 0
New transactions: 0
Cron job completed at 2025-09-16 07:33:02
Processed: 0 transactions
Errors: 0
New transactions: 0
Cron job completed at 2025-09-16 07:34:03
Processed: 0 transactions
Errors: 0
New transactions: 0
Cron job completed at 2025-09-16 07:35:02
Processed: 0 transactions
Errors: 0
New transactions: 0
Cron job completed at 2025-09-16 07:36:02
Processed: 0 transactions
Errors: 0
New transactions: 0
Cron job completed at 2025-09-16 07:37:02
Processed: 0 transactions
Errors: 0
New transactions: 0
Cron job completed at 2025-09-16 07:38:02
Processed: 0 transactions
Errors: 0
New transactions: 0
Cron job completed at 2025-09-16 07:39:05
Processed: 0 transactions
Errors: 0
New transactions: 0
Cron job completed at 2025-09-16 07:40:12
Processed: 0 transactions
Errors: 0
New transactions: 0
Cron job completed at 2025-09-16 07:41:15
Processed: 0 transactions
Errors: 0
New transactions: 0
Cron job completed at 2025-09-16 07:42:31
Processed: 0 transactions
Errors: 0
New transactions: 0
Cron job completed at 2025-09-16 07:43:29
Processed: 0 transactions
Errors: 0
New transactions: 0
Cron job completed at 2025-09-16 07:44:31
Processed: 0 transactions
Errors: 0
New transactions: 0
Cron job completed at 2025-09-16 07:45:31
Processed: 0 transactions
Errors: 0
New transactions: 0
Cron job completed at 2025-09-16 07:46:32
Processed: 0 transactions
Errors: 0
New transactions: 0
Cron job completed at 2025-09-16 07:47:32
Processed: 0 transactions
Errors: 0
New transactions: 0
Cron job completed at 2025-09-16 07:48:07
Processed: 0 transactions
Errors: 0
New transactions: 0
Cron job completed at 2025-09-16 07:49:14
Processed: 0 transactions
Errors: 0
New transactions: 0
Cron job completed at 2025-09-16 07:50:09
Processed: 0 transactions
Errors: 0
New transactions: 0
Cron job completed at 2025-09-16 07:51:03
Processed: 0 transactions
Errors: 0
New transactions: 0
Cron job completed at 2025-09-16 07:52:12
Processed: 0 transactions
Errors: 0
New transactions: 0
Cron job completed at 2025-09-16 07:53:18
Processed: 0 transactions
Errors: 0
New transactions: 0
Cron job completed at 2025-09-16 07:54:19
Processed: 0 transactions
Errors: 0
New transactions: 0
Cron job completed at 2025-09-16 07:55:14
Processed: 0 transactions
Errors: 0
New transactions: 0
Cron job completed at 2025-09-16 07:56:32
Processed: 0 transactions
Errors: 0
New transactions: 0
Cron job completed at 2025-09-16 07:57:03
Processed: 0 transactions
Errors: 0
New transactions: 0
Cron job completed at 2025-09-16 07:58:03
Processed: 0 transactions
Errors: 0
New transactions: 0
Cron job completed at 2025-09-16 07:59:02
Processed: 0 transactions
Errors: 0
New transactions: 0
Cron job completed at 2025-09-16 08:00:04
Processed: 0 transactions
Errors: 0
New transactions: 0
Cron job completed at 2025-09-16 08:01:02
Processed: 0 transactions
Errors: 0
New transactions: 0
Cron job completed at 2025-09-16 08:02:05
Processed: 0 transactions
Errors: 0
New transactions: 0
Cron job completed at 2025-09-16 08:03:03
Processed: 0 transactions
Errors: 0
New transactions: 0
Cron job completed at 2025-09-16 08:04:03
Processed: 0 transactions
Errors: 0
New transactions: 0
Cron job completed at 2025-09-16 08:05:03
Processed: 0 transactions
Errors: 0
New transactions: 0
Cron job completed at 2025-09-16 08:06:29
Processed: 0 transactions
Errors: 0
New transactions: 0
Cron job completed at 2025-09-16 08:07:15
Processed: 0 transactions
Errors: 0
New transactions: 0
Cron job completed at 2025-09-16 08:08:03
Processed: 0 transactions
Errors: 0
New transactions: 0
Cron job completed at 2025-09-16 08:09:17
Processed: 0 transactions
Errors: 0
New transactions: 0
Cron job completed at 2025-09-16 08:10:03
Processed: 0 transactions
Errors: 0
New transactions: 0
Cron job completed at 2025-09-16 08:11:32
Processed: 0 transactions
Errors: 0
New transactions: 0
Cron job completed at 2025-09-16 08:12:05
Processed: 0 transactions
Errors: 0
New transactions: 0
Cron job completed at 2025-09-16 08:13:02
Processed: 0 transactions
Errors: 0
New transactions: 0
Cron job completed at 2025-09-16 08:14:31
Processed: 0 transactions
Errors: 0
New transactions: 0
Cron job completed at 2025-09-16 08:15:02
Processed: 0 transactions
Errors: 0
New transactions: 0
Cron job completed at 2025-09-16 08:16:18
Processed: 0 transactions
Errors: 0
New transactions: 0
Cron job completed at 2025-09-16 08:17:31
Processed: 0 transactions
Errors: 0
New transactions: 0
Cron job completed at 2025-09-16 08:18:09
Processed: 0 transactions
Errors: 0
New transactions: 0
Cron job completed at 2025-09-16 08:19:12
Processed: 0 transactions
Errors: 0
New transactions: 0
Cron job completed at 2025-09-16 08:20:02
Processed: 0 transactions
Errors: 0
New transactions: 0
Cron job completed at 2025-09-16 08:21:13
Processed: 0 transactions
Errors: 0
New transactions: 0
Cron job completed at 2025-09-16 08:22:03
Processed: 0 transactions
Errors: 0
New transactions: 0
Cron job completed at 2025-09-16 08:23:17
Processed: 0 transactions
Errors: 0
New transactions: 0
Cron job completed at 2025-09-16 08:24:04
Processed: 0 transactions
Errors: 0
New transactions: 0
Cron job completed at 2025-09-16 08:25:04
Processed: 0 transactions
Errors: 0
New transactions: 0
Cron job completed at 2025-09-16 08:26:03
Processed: 0 transactions
Errors: 0
New transactions: 0
Cron job completed at 2025-09-16 08:27:15
Processed: 0 transactions
Errors: 0
New transactions: 0
Cron job completed at 2025-09-16 08:28:31
Processed: 0 transactions
Errors: 0
New transactions: 0
Cron job completed at 2025-09-16 08:29:31
Processed: 0 transactions
Errors: 0
New transactions: 0
Cron job completed at 2025-09-16 08:30:32
Processed: 0 transactions
Errors: 0
New transactions: 0
Cron job completed at 2025-09-16 08:31:31
Processed: 0 transactions
Errors: 0
New transactions: 0
Cron job completed at 2025-09-16 08:32:28
Processed: 0 transactions
Errors: 0
New transactions: 0
Cron job completed at 2025-09-16 08:33:02
Processed: 0 transactions
Errors: 0
New transactions: 0
Cron job completed at 2025-09-16 08:34:23
Processed: 0 transactions
Errors: 0
New transactions: 0
Cron job completed at 2025-09-16 08:35:02
Processed: 0 transactions
Errors: 0
New transactions: 0
Cron job completed at 2025-09-16 08:36:32
Processed: 0 transactions
Errors: 0
New transactions: 0
Cron job completed at 2025-09-16 08:37:03
Processed: 0 transactions
Errors: 0
New transactions: 0
Cron job completed at 2025-09-16 08:38:32
Processed: 0 transactions
Errors: 0
New transactions: 0
Cron job completed at 2025-09-16 08:39:13
Processed: 0 transactions
Errors: 0
New transactions: 0
Cron job completed at 2025-09-16 08:40:06
Processed: 0 transactions
Errors: 0
New transactions: 0
Cron job completed at 2025-09-16 08:41:31
Processed: 0 transactions
Errors: 0
New transactions: 0
Cron job completed at 2025-09-16 08:42:03
Processed: 0 transactions
Errors: 0
New transactions: 0
Cron job completed at 2025-09-16 08:43:15
Processed: 0 transactions
Errors: 0
New transactions: 0
Cron job completed at 2025-09-16 08:44:03
Processed: 0 transactions
Errors: 0
New transactions: 0
Cron job completed at 2025-09-16 08:45:03
Processed: 0 transactions
Errors: 0
New transactions: 0
Cron job completed at 2025-09-16 08:46:02
Processed: 0 transactions
Errors: 0
New transactions: 0
Cron job completed at 2025-09-16 08:47:14
Processed: 0 transactions
Errors: 0
New transactions: 0
Cron job completed at 2025-09-16 08:48:28
Processed: 0 transactions
Errors: 0
New transactions: 0
Cron job completed at 2025-09-16 08:49:03
Processed: 0 transactions
Errors: 0
New transactions: 0
Cron job completed at 2025-09-16 08:50:03
Processed: 0 transactions
Errors: 0
New transactions: 0
Cron job completed at 2025-09-16 08:51:03
Processed: 0 transactions
Errors: 0
New transactions: 0
Cron job completed at 2025-09-16 08:52:09
Processed: 0 transactions
Errors: 0
New transactions: 0
Cron job completed at 2025-09-16 08:53:12
Processed: 0 transactions
Errors: 0
New transactions: 0
Cron job completed at 2025-09-16 08:54:15
Processed: 0 transactions
Errors: 0
New transactions: 0
Cron job completed at 2025-09-16 08:55:02
Processed: 0 transactions
Errors: 0
New transactions: 0
Cron job completed at 2025-09-16 08:56:04
Processed: 0 transactions
Errors: 0
New transactions: 0
Cron job completed at 2025-09-16 08:57:03
Processed: 0 transactions
Errors: 0
New transactions: 0
Cron job completed at 2025-09-16 08:58:02
Processed: 0 transactions
Errors: 0
New transactions: 0
Cron job completed at 2025-09-16 08:59:02
Processed: 0 transactions
Errors: 0
New transactions: 0
Cron job completed at 2025-09-16 09:00:13
Processed: 0 transactions
Errors: 0
New transactions: 0
Cron job completed at 2025-09-16 09:01:09
Processed: 0 transactions
Errors: 0
New transactions: 0
Cron job completed at 2025-09-16 09:02:11
Processed: 0 transactions
Errors: 0
New transactions: 0
Cron job completed at 2025-09-16 09:03:03
Processed: 0 transactions
Errors: 0
New transactions: 0
Cron job completed at 2025-09-16 09:04:07
Processed: 0 transactions
Errors: 0
New transactions: 0
Cron job completed at 2025-09-16 09:05:02
Processed: 0 transactions
Errors: 0
New transactions: 0
Cron job completed at 2025-09-16 09:06:04
Processed: 0 transactions
Errors: 0
New transactions: 0
Cron job completed at 2025-09-16 09:07:29
Processed: 0 transactions
Errors: 0
New transactions: 0
Cron job completed at 2025-09-16 09:08:20
Processed: 0 transactions
Errors: 0
New transactions: 0
Cron job completed at 2025-09-16 09:09:32
Processed: 0 transactions
Errors: 0
New transactions: 0
Cron job completed at 2025-09-16 09:10:03
Processed: 0 transactions
Errors: 0
New transactions: 0
Cron job completed at 2025-09-16 09:11:04
Processed: 0 transactions
Errors: 0
New transactions: 0
Cron job completed at 2025-09-16 09:12:32
Processed: 0 transactions
Errors: 0
New transactions: 0
Cron job completed at 2025-09-16 09:13:03
Processed: 0 transactions
Errors: 0
New transactions: 0
Cron job completed at 2025-09-16 09:14:03
Processed: 0 transactions
Errors: 0
New transactions: 0
Cron job completed at 2025-09-16 09:15:03
Processed: 0 transactions
Errors: 0
New transactions: 0
Cron job completed at 2025-09-16 09:16:03
Processed: 0 transactions
Errors: 0
New transactions: 0
Cron job completed at 2025-09-16 09:17:03
Processed: 0 transactions
Errors: 0
New transactions: 0
Cron job completed at 2025-09-16 09:18:32
Processed: 0 transactions
Errors: 0
New transactions: 0
Cron job completed at 2025-09-16 09:19:03
Processed: 0 transactions
Errors: 0
New transactions: 0
Cron job completed at 2025-09-16 09:20:03
Processed: 0 transactions
Errors: 0
New transactions: 0
Cron job completed at 2025-09-16 09:21:31
Processed: 0 transactions
Errors: 0
New transactions: 0
Cron job completed at 2025-09-16 09:22:31
Processed: 0 transactions
Errors: 0
New transactions: 0
Cron job completed at 2025-09-16 09:23:32
Processed: 0 transactions
Errors: 0
New transactions: 0
Cron job completed at 2025-09-16 09:24:02
Processed: 0 transactions
Errors: 0
New transactions: 0
Cron job completed at 2025-09-16 09:25:03
Processed: 0 transactions
Errors: 0
New transactions: 0
Cron job completed at 2025-09-16 09:26:05
Processed: 0 transactions
Errors: 0
New transactions: 0
Cron job completed at 2025-09-16 09:27:08
Processed: 0 transactions
Errors: 0
New transactions: 0
Cron job completed at 2025-09-16 09:28:04
Processed: 0 transactions
Errors: 0
New transactions: 0
Cron job completed at 2025-09-16 09:29:32
Processed: 0 transactions
Errors: 0
New transactions: 0
Cron job completed at 2025-09-16 09:30:32
Processed: 0 transactions
Errors: 0
New transactions: 0
Cron job completed at 2025-09-16 09:31:22
Processed: 0 transactions
Errors: 0
New transactions: 0
